<?xml version="1.0" encoding="UTF-8"?>
<robot generator="Robot 7.2.2 (Python 3.13.2 on win32)" generated="2025-02-12T10:35:38.311497" rpa="false" schemaversion="5">
<suite id="s1" name="Login" source="C:\Users\Nabila Safira\Desktop\QA-PORTOFOLIO\Appium\login.robot">
<test id="s1-t1" name="Login with Valid Data" line="41">
<kw name="Open Flight Application">
<kw name="Open Application" owner="AppiumLibrary">
<arg>${remote_url}</arg>
<arg>platformName=${plateform_name}</arg>
<arg>appium:deviceName=${device_name}</arg>
<arg>appium:appPackage=${app_package}</arg>
<arg>appium:appActivity=${app_activity}</arg>
<doc>Opens a new application to given Appium server.
Capabilities of appium server, Android and iOS,
Please check https://appium.io/docs/en/2.1/cli/args/
| *Option*            | *Man.* | *Description*     |
| remote_url          | Yes    | Appium server url |
| alias               | no     | alias             |
| strict_ssl          | No     | allows you to send commands to an invalid certificate host like a self-signed one. |</doc>
<status status="PASS" start="2025-02-12T10:35:38.765054" elapsed="19.483948"/>
</kw>
<status status="PASS" start="2025-02-12T10:35:38.763538" elapsed="19.485747"/>
</kw>
<kw name="Click Sign in Button on Home Page">
<kw name="Click Element" owner="AppiumLibrary">
<msg time="2025-02-12T10:35:58.255229" level="INFO">Clicking element '//android.widget.Button[@resource-id="com.example.myapplication:id/login"]'.</msg>
<msg time="2025-02-12T10:36:00.255225" level="INFO">xpath criteria: //android.widget.Button[@resource-id="com.example.myapplication:id/login"]</msg>
<arg>//android.widget.Button[@resource-id="com.example.myapplication:id/login"]</arg>
<doc>Click element identified by `locator`.</doc>
<status status="PASS" start="2025-02-12T10:35:58.253142" elapsed="2.002254"/>
</kw>
<status status="PASS" start="2025-02-12T10:35:58.252470" elapsed="2.003107"/>
</kw>
<kw name="Input Username">
<kw name="Input Text" owner="AppiumLibrary">
<msg time="2025-02-12T10:36:00.258581" level="INFO">Typing text 'UserTest' into text field '//android.widget.EditText[@resource-id="com.example.myapplication:id/username"]'</msg>
<kw name="Capture Page Screenshot" owner="AppiumLibrary">
<msg time="2025-02-12T10:36:01.913284" level="INFO" html="true">&lt;/td&gt;&lt;/tr&gt;&lt;tr&gt;&lt;td colspan="3"&gt;&lt;img src="data:image/png;base64, iVBORw0KGgoAAAANSUhEUgAAAtAAAAZACAYAAABQfnXMAAAAAXNSR0IArs4c6QAAAARzQklUCAgI
CHwIZIgAACAASURBVHic7N13fGRV/f/x1zl3JtneK7v0sktdeleQjjSxAIL0qkhRviIi4g8QLKh8
QToKggiifvl+EelFemfpvbdle9/sJjP3fH5/3JnJTDKTzCSzbLL7fvoIm8zccu7Ngp975nM+H8eB
exkiIiIiIlIVv6wHICIiIiLSmyiAFhERERGpgQJoEREREZEaKIAWEREREamBAmgRERERkRoogBYR
ERERqYECaBERERGRGiiAFhERERGpgQJoEREREZEaKIAWEREREamBAmgRERERkRoogBYRERERqYEC
aBERERGRGiiAFhERERGpgQJoEREREZEaKIAWEREREamBAmgRERERkRoogBYRERERqYECaBERERGR
GiiAFhERERGpgQJoEREREZEaKIAWEREREamBAmgRERERkRqklvUARDozum8Lv9/8Pb69yjTIGLQY
uEDLEjj9rQlc8eF4ssFhy3qgIiIiUtH4YSOYOm8O2The1kPpNseBeynukB7HOdhk+EKe3e8lbEkM
sUGw5M/YIA4QGxYbIWNkIsfA+3fD9LdZRESkx+nf2IedN5jEv55/elkPpS6WyxnovTfdkv6Njdzy
5KOdbju0/wAO3m5H1hozFsN4a8pn3PT4QyxYvLjm83553Q0YP2xEh9vMX9zEvyc/0+mxdt1wE0YO
GszshQu4+6Xnax5LXlevb5URI/na5tuwyoiReO94f9pUbn7iYWYtWNDlsVTLYzQf+xSuJWAtnUfE
3kOfbMyYhmY+b25c6uMTEZFlyzlHv4ZGBvfrR590A+lUinQUkY5SBAtk4phMNktLNsvC5sXMa2rq
FbOeY4cMY+zQocQh8M7UKTQ1Ny/rIdXNBiuvyrzFi5b1MOpmuZqB3mn9SZx/0KFsvfZElmRa6Hvo
1zvc/vhd9uSX3z6cof0HlLw+Y/48TvvLn/jLow/WdP7bTz+bvTfdssNt3v78Myb84PgOt/nK+htx
1xnn0JhOc/Kfr+IPd99e0zjyunp9lx51AkfssAv9G/uUvL5g8WJ+/a9/cv7/3tKl8VQjckbLMU9h
oc1fSwMWZSAb2s1AExsuDkxeNIitntmeZ6eswhYrfaSUDhGR5Uy/xkZGDBzEkH79SadqmwNcuGQJ
cxYuZOaCeYQe+nHlBiuvSmM6DcCU2bP5fO7sZTyi+hjQpw8n7PJV/v7Uo3w8c8ayHk5dLBcz0KuP
Gs0FBx3ON7fajlQUVbXPd770FS498gRSUcQTb7/B/a+8iHeO3SdtxhZrrs01x53E/MVN3PbcU1WP
45l33y77emM6zS4bbIxzjqfeeavDY/RrbOTSI0+gMZ3mtuee6nLw3NXru/57P+SwL+9ESzbLbc89
xUsffUCfdAPbT1yPbddZl18ceCjeOc679W9dGldHvDOWHPt0EhS35YAB6eTPWUvK7r9Jn/k4Amu3
pLl12jj2H/1Z3ccoIiJfvIZUinHDhjNswMCy72fjuDDr7L2nITcj7ZwrbDOgTx8G9OnD6CFDmDJn
FrMXLsR6aCDdVdtPXI/v7boXV9x3J4+++VqXt91ktTVZe+xKPP/+u7w37fNujSkVRey/xbZE3jNn
0cJuHasnWS4C6HvP/AVrjRnLkkwLD7z6ErtP2rTD7fs1NnLBQYeTiiJueORBDr/894X3fvb3G/nn
D37CN7bajl8ffES7AHP1UaPZZu11ueOFZ5nXVPpRRLmgcmDfvtzzk/NwznHvyy9wzFWXdDi2Cw85
ivXGr8Ins2by3T9e3uG2lcbS1evbbsJ6HLL9jixcsoRvX/KbdqkmfzjyBL6/+96csd+3uO6h+/l0
9swOx1er17/9Ii4OHW9kwLA+0JSFeaUfbQUP3kHA2L6pkQmZBt5Kt9R1jCIi8sVxzjF2yFDGDBla
EgxnslnmNi1i7qJFLFyyuOKMcmM6zeC+/RnSvz8D+/YFkmB8tZGjGT14KB/OmLbcpEmkoxSXHvld
Jq26One/9HyHAXRH2/7u0GM49av74YDFLS2c9OcrufY/93V5XOuMHcfqo0YzY/48Mtmen0ZTreWi
jF3fhgbue+UFtv/56Vx1/12dbn/EDruw8vARzFqwgJP/fFW790+89goWLlnChJXGc/B2O5a8d/9Z
5/PXk/6Lm0/+UafnSUcp/n7qGWyzzkSeefdtDvjvX5GJsxW333PjzTlu5z3IxjEnXXdlpx/dVBpL
V6/voxnT+dsTj/DHB+8pm6f9oxuvZdq8ufRrbOTg7Xfo5Opr4xys1beGvPN+qSSQbnscc7RYwAFP
frYKfvmaXBARWWE45xg3dDhjhw4rBM/NmQzvT5vKK598xMczZzB/cVOH6RjNmQzT58/l7c8/4+WP
PmTG/HmFWee+DQ1MGDuehhpTQXqq8w86lEmrrt6tbccPG8HJe+zDnx68l8FHHcDLH3/AT/Y7oPD+
Laf8mJ/uf2DVY0pFEduusy7eOeY1NXUYA/U2y8XfmsMu+z0PvvYSAKsMH9np9rtttAkAD7z6YrtZ
ZIBp8+by8BuvsNcmW7DXpptz0+MPFd4bnvv4aOSgwZ2e5/rv/YA9Jm3G659+zNd++4uy58ob2Lcv
lxxxPKko4tJ7/l1V6kilsXT1+j6dPZPvXPrbiudbkmnhvWmfM3rwEFYdMarT8dVixtHPkk9aNg/T
Whr513tDeXLqIOZGQ9hmlUZ2Gvoimw5diMsYzgGNURJIL8jkdoQBwROR/Ic2WGDb5r481qf2BaEi
IrJsmRkzFsxjxKBBAHw2exYzF8wvSbvwzrHWmJVYaegwhvYfwOB+/WnJZpmzaCFzFi3kzSmfMHdR
8v+DmTjLxzNnMH3ePMYPH87gfv2ZtXA+LdneH9RtP3E9TtpjH6bMmc1KQ4d1edv1xq9MKop4+I1X
WLB4Mc++9w7H7LQ7AIdsvyPf2Go7bn7i4arH9eWJGzBu2HAAZi9cQBw6+ZS5F1kuAuh88FytiSuN
B2DyB+9V3GbyB++x1yZbsO64lUte/+6fLmfnDSZx/cMPdHiOPxx5At/ebgc+mTWTr//+gk5nky84
6HDWGjOWVz7+kB/deG1V11FpLN25vs40ppLFDYuay+chd4XHGBSyEMH2/9qIp6YPZNzaW7DaxruT
HdYEBr95/EbOnL0h3hneweQDX2bdvotww/pg85M0jcVE/HRu6X8Mbpw+ltVWeb9uYxURkS9OcybD
hzOmsaQlw5JMa0reJqutyUl77MM+m23JiIGDKu5vZjz97lv8/cnHuPL+O1nc0sKSTAvvTv2ckYMG
M2vB/C/iMkqsMWoME8eN58UP32fKnO4vEsynY0ydO4e/PvZQhzPEnW373rSpmBkbr7YGf33sISaO
G8/0+XMZ2n8AFxx0OP/z9OP837PVrQ0bP2wE26wzkXzizdR5c7p6iT3SchFA12pcrtRcR4nxH86Y
BtCuLN3Njz/MzY93/PT1828ezPd33xsz4+4Xn2fLNdfhk1kzKuZZbbHm2hy70+5k4iyn//U69th4
U8YOGcb706dyz0uTK56n0li6c30dWWvMWDZYeVUAnnz7zar360zkjVOfWp0rXx/N0LFrs8P+3ySY
YZlm0j5inZVG8/TsZLzBHMFgo5sn0T8VmHv007jxA+DjBfzv9LEcPX8IMa1PuINiV+m0IiLSC+Rn
kAFWHTGK8w86jIO326EkJ7oS5xxbrz2RrdeeyGl778/Z/7iRPz90P8GMGfPnLc1hl7XS0GG8ddFV
pKKIeU2LGHvCoSxu6d5anV8ceCgbrrIa37rol4X/j+7qtu9N+5wbHnmQ0/ban6O/shsD+/Tlxzdd
x68PPpJ+jY386K/VTfABbDthXdJFhR22WmsCG668Wsk2M+bP61ap3mVphQug01GK/o1JreCZHTx5
5usdD+jTt6bjn7THPpz9jW8Dyb+4x+68O8fuvDsXHXYsv7rtH/z237e22+cnXzuAxnSaz2bP4i/f
P63kafrjmTM479a/8ccH76nq/Evz+n536DE0ptO8/PGH/O+zT1a9X2cywXP5G2PZeq/j6ddvOIbh
zDCDkYMHEpvhvMfafPSzKOtpvHpr5h79DH0D/OO5bdnHSreJl7MV1iIiK6ovr7sB//rRzxjcr3/h
tfemfc5tzz3NA6++yCezZjJ17hz6N/Zh7NChbLDyquy72VbssuHG9Ek3MG7YcP50/Cnst/nWfOui
Xy6T1I3VRo4uVAsb3K8/IwcN7lZZt+0mrMfJe+7DjY/+h1ufeaLDALrabY+44iL++fTjrDl6DM+8
9zaNqTS/OvgIfnTjtVWPdY1RYwqfhueNHTK05OdMHPPkO29UdbyeaIULoIcNGFB4au3oqW9xSzJb
nK/HWK3N11gbBzz65mu8/PEHDOk3gE1XX5N1x63Mhd85igF9+vD//nlTYfu1xoxl7023AGDcsOG8
OeVT7nv5BVqyWbZeewITVhrP1cd+n/6NjVx817+W2fVdcNDh7LvZVsmK3OuurGqfWuy4/w9paOiL
GcmXS1pzD+zbB+c8VMibCuYY8qctmbXvw1w/o0z+uyagRUSWC4ual9AvN0H0+qcfc+bfbii7XmgG
8/hwxjSefPtNrnngHkYMHMRZXz+I7+76VRpSKRxuuch7TtIxTmD6vHn88C/X1G1boKSQwPO/vJin
33k7mZnee3+G9OvPvS+/ULHKx+B+/fnm1tvhO/mE4P3pU/lwxvROx9JTrXAB9LympsL3Ha287ZNu
AKAlm6np+Idf/ntue+4pbn3miZLXLz3qBE7cLSkBd9PjD/P250mN4q9vuS3pKBnH5ffewYnXXlGy
X74u87kHfIe/PfEI0+bN7fD8S+P6frr/gZyx3zeJQ+DU66/mkTde7XSfWkzaZj/69x2AkeSrhdzs
czpVXU1vzOEuOQZny8/iBBERKfX8++9y5s03MHLQYH56yw0lnQW9c/RpaKAhlSIEY0mmpRAkz1ww
n1Ovv5qrH7iba447iaOvuhiArdeeyFZrrcOV999Fc6a2/6/vCX5x4KFstOrqHHTxrzvtElzLtsXO
+vpBrDtuZXb+xZk8ds5vWGXEKOY1LeL0fb/JEVdc1C6N1DnHNmtPpF9Dx12Bm1qaueelyb2iO2Ql
K1wAvSSTLCDok26oWJAdKHxE1JX6kG2DZ4AfXP9Hdt1wE9YZO46jv7IbP77pOiBZCAHw5pRP2wXP
AN+/7gq+sv5GrDx8BId9eWcuvP1/Ojx3va/v9H2/wbkHfAeAs/9+I1c/cHeH23dFyqeJvM/NPBue
JJAePWQwZkYcZ5N+3WVmoT3w6cdrki07Q22oHaGIyPLjd3f8b0kVjs3XWJvT9t6fr26yOYP69ivZ
9qWPPuDmxx/mD/fcTlNzM69/+jE7nvMTMnGWrdeeyANnnU+/xka2WWddvn3Jb3pVU5XN11ibk/fc
h+nz5rLPZluyz2ZJF+S1x6wEwKFf2oldNtyY466+lA1WXrXqbYsXak5YaTz/tff+XH7vHaw7bmXW
G78K+114Hne9+DwvX3gpx+28R7sAepPV1uB/fnhm4ZOCcoIZZ91yA7MXVh/I90QrXAANMGXObNYY
NYbVR42uuM1qI5MybZ/NnlWXc2biLC999AHrjB3HWmPGFl7P5zs/9U75RXkLFi/mxQ/fZ+XhI5iw
0riqzlWv6zv1q/txwUGH44Bz/+dmLvi/v1d1/lq99PS/WHmtSYBh5jAzDFf4j5l3rl3+M0A/c0wp
FzyHQAgB7z3eVzmLLSIiPV5xDefLjvoeh++wc8VUgUmrrs6kVVfnlK/uy+GXXcR9r7xAJs6y5uix
3Pajs+jX2IiZceA2X+LjmdP58U1/rksQ/ZX1N+LaE06hT7qBM27+c6dVu7pizdFjWLhkCakoYs+N
Ny+8nv90eYs11yYTx3jvatq22EWHHcO0eXM5+x83cvIe+wLw4kfvk4mzfDZ7Vtlyvqfv+00+mVWa
Jz10wABGDRpS+PmtKZ/yxwfv7eYdWPZWyAD63amfs8aoMWy86hoVt8kXGH9n6pSS1y8+4jh23XAT
rrjvzprbbOc/IsqnbACFouIddedpyuUrt03JqDSW7lxf3om77c2FhxxF5D2//tc/S/K26y2OM0SR
z00Yh1wQXbSBcwwaMpL5c2fgAY/j8c9XZfXFjqwrDZ4zSxYSeQ8+BXgWRr1nRkFERKqz2RprccQO
OxfW/Lz26cfc+/JkPpk5k/59+jBp1dXZY9JmDOjTh7FDhnHegd/hwddeIg6B0/ben1GDhnDPS5P5
w92387//9VO+t9teXHbPHXw0s/s5uQds/SVWG5lMYB3+5Z254ZEH6z67fcuTj3LLk4+2e/3sb3yb
c751CCf/+SpueOTBmrfNW33UaCatugbf+9PlNDU38+onHwFwzE6786/nnma98Svz9Dtvtzvmty/5
TbulR/99+HGctMc+QPIAdObfrl8mFVDqbYUMoP/z2svsttEm7LTBpLLvD+zblx3W2xCA+195seS9
43fek8Z0muN23qNdAH3szrvTr6HyYr/1xq8CUPIv6AfTk/JsHdVjzq9kbZtsX2ks3bk+gON23oOL
Dj+GVBTx33fexhk3/bni2OrBzPCpCBfnZqAdWJvci68f+XMO+dEFbJEZQEucxTvAOZyDTMsSmhfP
x7uIKJUiBI93RiBwxMhpS3XsIiLyxXvszde5+K5/ceSOu3Dq9dfw54fvb7fNmCFDuerY7/OV9Tbi
kD/8ttDE4+Q/X8WUObO5+K7bWLB4MUdc/t+89fmnNQXPF37nKA7/8s58NnsW+/zmXD6dPbPwXvGE
uHe9s+HzB9OnsebJxxRSOv49+Rmuf/gBztr/QH729YN4f/pUzv2fm9vtl3yCXGqdscmn58GM6x9+
oOo60j1d7/zNdtN1D93H7IULWHn4iEJ+b7ELDjqcEQMHMWXObG587D8l793z8mSampu568XnSl7/
yvobcfWxJ3HW1w9iizXXbnfM43fZk01XXxMz46+PPVR4/eYnHsbM2G7Cuhy07Zfb7XfibnszadXV
aclmS/braCzdub4jdtiFS444nnSU4sr77uIHN3S+Wrce/vnHM4m8I4o8kfek2vxHxzU3c8fc13nh
g2d579NX+HDK60yZ+jbTp3/AwgUzCCHGMCwEjABmeHM83KepwhlFRKQ3O+PmPzPhB8eXDZ4Bps6d
w34Xnse2Z/9XSV+EbBxz0R3/x4LFSZfa/3vuSZ5//92azv29Xfdi5KDBbLzaGuyy4cYdbtubcquL
FedDQ1Lebo2Tj2HLn/6AiT84gRc+rNysrVg+bfWTWTP46d9uqPs4l5UVcgZ62ry5/OZf/8OvDj6C
n+5/IKuNHMWdLzyHd579t9yGb2y5LWbGL279W+FfsLz9Ljyv7DH/89rLPPjaS+y0/iTuOfM8bnjk
QZ5+9y1CCOy8wcYc9uWdALjuoftL8p0fe/N1bnr8YQ7Zfkf+dPwpbD9xPR5+/VW8c+yy4cYc+qVk
v8vu/TdvTfm0qrF09foO3m5HrjzmRBrTaabMmU1sMZcedULZc7z6yUdced9dndzp6lkItMTN9En3
zf3Hps2HQM4x76rrmXrosay8KCZlEQFLqnaEgHcGFjA8mGEEdlzlc0IVhfZFRKT3ac5kSipTHbvz
7py21/68P30qx179h8Ian3z6Qd52E9bj1tPO5KgrLub+V1/krjPO4f3pUzn+mkurLm9XnC/cNne4
LedcxSDa1bnW6mX3/pt/PPVYVR0Oa9k278MZ0wqN2KoRec9KQ4cTzLji3js77crcm6yQATTAr//1
T4YNGMgP9/oah35pp0KgCsm/lBf839+54r47azrmN3//S24++XR222gTTtlz35L3ghl/fPAeTrru
qnb7HXfNHzAzDtl+R07cbW9O3G3vwntxCFx6z7/54Q1/XOrXd8A22xfqQq80dFjJONr69+Rn6hpA
A9x63f/jsO/9jhCHZDbZrLTTVDbmktMOZber/8ZXp2UIzgguEPCYBYIFXAiYCzzT13i1oXvdnURE
pHdYefgIrjj6RCLvmbDSeM4/8DCOuOKistvuPmlTRg0awt9O+TFPvvMGX153A9YcPZbhAwb1+gBv
1oIFVZepq2XbrvrSxPXp29DAg6+9VFUvi95kuQug35zyKefd+jcyVTxF/vim67j1mSc4ZPsdWW3k
aAzjvWmf85dH/lP1RxPF5ixayB6/PJudN5jE/ltuw8rDR2JmfDB9Gjc+9p+KHxE1NTdz6GW/4/L7
7uDg7XZklRFJQ5DujKUr13fLk4/y8scfVnXsNz/7tPONamRm3HD5aRz+3d9iJC27ozYP5xM32I6b
9vuEy19+mv88FxMsYBaSvCszDGNKo7HvKvWpniIiIr1DcTWOgX0rd9n9+T/+yhqjxnDI9juy64ab
sGDxYvb69f/r9cFzT/TNrbdj5oL5HHzJhe1SQno7x4F79c7kHFluOec4+geXETcvqbjNxx+9wYN3
/JExzca1b3nWbU6R8Z7bRnlOH9fEcfOHMCnbyInDp6H2KiIiy79fHHgoZ37tAKbOm8NmZ5zaYUDc
kEpx249+xjZrT+RbF/2K+155oaZz3fWTc9hj0mYsal7CNj/7L14pmnw69Es7ce0Jp5CKIs75500l
VawG9+vPWxddxejBQ3hryqds8KMTS5qJrDJiJCMHJT0Q3pk6pV0aaW/z6m8v556XJvOjG/9E6KW5
4JUogJaeyTnGjFuDvb5+CiGu8GmCh1uu/X8sblqQVPKAkmDZ4dpV8xARkeVX/8Y+LG5prjpYa0il
utzWe9yw4cxdtIhFZSZ7hvYfQCqKypZra0ilGDVoCJ/PnV2oDFIsHaUIFsq+15sM7tefJ8/7LVv+
9AcsXFJ5Qqy3UgAtPZtz9O8/mG13OYhV19iQkMliIcan0oSQZfJTd/HqCw8Sd/E/gCIiIlJ/64wd
h3eON6fUP+WzJ1AALSIiIiJSgxWyDrSIiIiISFcpgBYRERERqYECaBERERGRGiiAFhERERGpgQJo
EREREZEaKIAWEREREamBAmgRERERkRo4UKs2EREREZFqaQZaRERERKQGCqBFRERERGqgAFpERERE
pAYKoEVEREREaqAAWkRERESkBgqgRURERERqoABaRERERKQGCqBFRERERGqgAFpEREREpAYKoEVE
REREaqAAWkRERESkBgqgRURERERqoABaRERERKQGCqBFRERERGqgAFpEREREpAYKoEVEREREaqAA
WkRERESkBgqgRURERERqoABaRERERKQGCqBFRERERGqgAFpEREREpAYKoEVEREREaqAAWkRERESk
BgqgRURERERqoABaRERERKQGCqBFRERERGqgAFpEREREpAa9NIB2gE/+SP6R/Fz4Krowl/yUIvpC
R9hVqfw3rvUPl7suV3g5+afPfe/avCIiIiIiS48DbFkPohbOOcwMXDJ0j2OgGSOB8UOTi/lgDiwG
ZuUvz6cIIQBhWQ69Kg4wnwaL8QbmAmmDIUB/D+NGJtf47jRoBpqAFg+QJiJD3PMvUURERKRXS3W+
SSdyM7yY4XAYrX+2xucOR6gQqUc44grveRwBXAQE0hjbjOrHbQdtRF8W44p38u2P4Jwj9hC7iGbf
wLWvt3D2vyfThBWGtqyfICIgzs02e5eif8hy3+lbs8GQZpwLyeyya513ds4wF3DmiR2Yz0XMzhOI
eGZmf/Y7/0GaIkeIPbg4edsqXafDuWTm2izg8RgxuAgjgCV3KPmdBpKZf8M5g+Bzr4mIiIisOOoQ
P3qcCzxywOYABAeeKAn6gmEuN2vsHOZC4XTOGbhAbBHmI75yw5MVBhcxipg3T92S/plmzMcYjsgn
M9H5GWnn26cvmM8nNmQxlyayJIjPpBx/eQ+Ov/VFUpaE78siDHTO4c3oB7z2mz0ZlZlNiAznAlgW
y91HV/SkkA+mg0vuZD6ALrwONASIvTHFD2fiKfcRRw6CI1j7q3zu17sSGfhcoB2KbqM5iJyHYMSe
JHAGcIE35g7k4HPvgDLHFBEREVmedXsG2pEEydv0aQLvcuFxqiSAjsxhkSO4bGGiOLiAd4FgDQSf
BGaWT2e2JKt3VR94/bvrkbIY1xKDgxhHZEaS7xtj5gvBYzlmRnCelGXJek/swVvMkatHfOeMdXlz
yTA2u+jx3LV8kbPRnqEW+PSCSRhpUtnp4MDlcrXNNYDFJCFx/voC5N+naPa5SMqyZF0j5mLG2Fxm
XroFFhwbn/4sHy5pP4p1+s8l5ZJ7GJwR51JjnPOYs2RG2gLBOZwPJBPPMUta+ih4FhERkRVStwNo
w3AhN7tsuWVt3khyj/M5vbktzZHN7ed9RCAieCPrXFHwHNGPmOnf35yGGKKwkODTmMsk+1nRUjrX
+n1bIfdWZEnySJxLU0jFYM4Tu5hUtpH10k0sOn0z/u+zmINvehFnPpd0UinlpBucw5mRBqaeuzlR
yOKCw7kM5hxYLn3CAJIZYcO3Xm/+FrnkwQUreugoXHeqsC8ukIohHYyXzt8cSxtr/uA5ZpmDEOGA
lDmCNyJCLuc6f5IkWM6nkXhLHkYguac4Bc8iIiKyYup+DjRQmLe18lUgzHJ5uD43e2pFoaklObWJ
iIeP24ltonn4bDNxFLBQuXpGksJhYBGlCdGlnBnmXZtNksoWRkSKZvYen6bljE0Z8svJNHVytV2V
wnjmrN1Zu+80nGVJuRRGpnWcbWfSnSM4Oqwf4sxyQW/bB4n8fHog4z0pFzDn+eS3m5FJj2DISfck
oXmlyfuQC8Kj1somIiIiIlKPyKgQgFUOtJyLcK40DAwOCIYPWczHRHiajt+QbdIzMWvGnCXpAsWz
0x0PoKzgSGZ32+6VC6Yjy2B4+hAIFrPw9I34xmoposgDqc4OXx3viHzEonM2ZWLjTNLmSGGYi0kW
YCZfJQ8WAGbl1kaWbkJE6HCQud+JywXbkaOvzabl4q34yur9MfME0mV2i5IvBc8iIiIiJeoUEZnF
cwAAIABJREFUHeWLFrd0+NG+mZUEic458EZjNiJ77PqkzEEok6hb9li1pRB0MEFdosUbfzl4fR76
3ldy5aa7H0EPCkbTuZsDAUeMtyTdJRQ9fCSLBdvPQHfGWaVfYjL7XFy6L3+02GeJneP20yaQiSI8
zZ2eJ9TjQUJERERkOdD9ALoQmIY2f5YTkrJ0+V0dBBdBCMTO4wmYNVR1Wm8eb6mKaSPVSKqCJIFs
KAT+Hh9giwGzeOfMXbvVoMTjWN3DtF9sAiFDIEoCZ1K5c+cFjDjJfy4ZYNezsD35e9Q69sLRLJ3L
WU+Rjls6neUu2Tf3g5nPtXARERERWbHUaQY6H151L1+2MMtZxQI1cw6rJvLr9DghF0Dmx53/0xhj
U3ns1O1yQX/t6eLDMF7/2UYQHLHPFmoy56+vs+F3VF2kWp3OHFcaRCj9tCBqs5lCZxEREVlR1TcH
2lLJV1cHkw/SqplVtqRVSy3VIPK51Pl0DmetX97y5w/5w5Myx2bpRZy21Uha64d0LMn0TtEHx2dn
b4yPUslivVyec165ANS1WS5oZp0GqlYhNyVQPnhum0+ejKvMMXyZlJKSoys3WkRERFZM9c2BbpNz
W6taZqBLT1/d9vlYs20QWWmRoifgnHH+zmMZUOVQYjyQZcb5m+Kczy3wC11ONelsjt3Vv9heVXLt
cJbJuUVERESWpfpOI7oMuOpmasuxon9Wv1OZ6hUdbe4qB8zttjWHWYzhmf6zDavax2PMu2BnUs0e
w9P5HHIHqkrhsLILJFsTUYoOR/vFlNXeu1ixsoiIiAhQ90WErpND+lxjkPIK7UJqma11oeZc4XIB
Z7KQsGibXAtt5yLMOZylefPsPfH4DkLiiGM3G0O/JXNwPou5QGRW/prNU5itrzSD3qZqSen4Lfcw
UL7MX7kjlguVnXPtUkfKKVdlWkRERGRFVN9FhBWqYpjFmMXlS7W1O4ot9S53xQGnuXxAWlTurd0Y
HWbGqvEUBrgKHQpdipQzfr/vSsSugeIQs+JiQRc6nrEve78stxixcu5zxcNR/ew7Ic41U6luwaOI
iIjIiqL7nQjzDe86aaQCnSdnRAaxc8VRbQkfHMEHzFJ4nyHQgLMYjyPrDUcLwaVpiJNW02YRneVk
50+TL/cWXMh1OGyNNKNct7/gIz762bYMP+8JzPJttkPuOFneOWc30mEmRkvJtZpL8qlD0f0xR8mC
y/zpjNzCPpfFhRRGM5moP88u6Mu3fvEgs82TIpB1Ed5BCIaPIobEGe49f1cm9puFN0fGJ58GuLal
8arl87PS5SNuxdMiIiKyoqpTK++iRir4ioe1fOWMCpI821xZjDKBm8cIRDgLtEQDeK+lgY+WOMx5
GhqMjfpmGBlnaHZNhKiBdAi5WNxTWPaWO3x+JtZyqRtJuJgLhp1rF0QnlTo8/WliNPC5T0FonT1O
OccYm1uoipE8VxSdxBXXY/a5bUIhCDcMcrWVnTdCMD73w1j3x/fQUvKQkgTPmBHMwEWEOMNcYPOf
3geRo58ZH/9+JwaEWWSjVNF5K97aTgVXuptSOERERGRF1f0AuuZGKlTMg24/A+1ywa7hzfHokiHs
cu0jZOlgBjQ3s7tmKssLP9wWMvNp9FGS9lAmvaRcQNkueCbXEpyAmefVn2/N6HOfJkvS/CW4NFPO
3Z5Udjaxi1onzx2Az6VcZGm93bnm2+Zz20QYEc63EFKBJQxi7BmPkCmU9Wu9f8nPRbPKli1+B2Kj
CRh16n/ohzH9kh0I8YIk9nauy6kYJbfJJTPk1o2KKyIiIiK9VZ2L+da3kYozhw8N/HtmXxoufZkd
rn2MDFGHebxpc4DjgywMuvAJVrvoVZqiqGK9ZEjye4MLJYsIixfvFWZuc/plM7jgcPkZcW8MbplP
i/eF2e3CGF0+j7h9DejW64hJh0WYc/z07iZGnP5ka/DcRQFYBPQ7+WE+WjSYlLVU3Lbs/eykkYqI
iIjIiqrOiwijbjVSgeLGIBEtkaPfVc/x9VsmYyR5xFEn2bcZDEem8PMc5xl64XPc/fkAkkQNT1x0
1YWmKrn/daSwm4t45AdbYM5wGJd9fT1wmST3unAdyVHJjbz0VrukxJ2jUOquxadY6YzJXPafd0tS
Q7rKJ0kheBzrn/0QFzyYTYL7NtdYsaxf7tqU7SwiIiJSqr6dCDG600gFklnn2HkWp/sw4LLXafYO
QrZw5JjQaUxXGIWBWbL9fn99ii2vmoxZIz6kC4Fja3dCh+tgattc65X5kGXjfj45PnDshBSBqLTz
n4XcAHy7CDWfCe4skGIJwTlGnfkic1yabJzbr5taE2qS5IsLbn+H3z+4qN2x8znh7Tify9tWtrOI
iIhIsfp2IqxHIxVnZKMUg/7wNGYZfKjDDKgDSPHiIljvv58iZBeVBI6tAWTHwX9rWoaBb2YQ0IdA
S8q1SflocxxnUFQNo9C30QWyzrHBzyezEFea21xHPkDWHOfc9gbvZ8eUvFd1WTsRERERAZZKI5WO
IrLKjVS8OaKQVJcYdNmLuNwMbl2WqRnJYjuD9xwcetfnxBYDrjALXa6RSlutgbYnFeCK72zKFQdu
gA+uzaJDj2t3neXuS4opfhQfh4h6zN5XEghAliyeST+8q2iBpq88A90RA8tVDBERERFZ0dQ3B5oo
yYNu+24VjVSyzpONsoy58hWooTV3LfJV8v753lxmNQxLXisEkKWNVDpqce0wYgf7ru44cN0IaC55
3wgEl3ugcPnAuG0ZuwBxYMJZ/8HqkPNcFUsSOkZ8/1lSIRB8RzPeVvRV+nAhIiIisiKrbw60RWUP
6VxUaKZSScY1M8sPYi4UAr16K8TJMazyy0dIh8bCe76oxF3bMnZljwOkzbDY48pVA8xH6+ZyiytL
jxe7iP0uf4U4jr/QZXpGzCJgVnpIJ1Gxo/gThdIx5h8IFFWLiIjIiucLzYE2s4ozu31DxFqXPVaf
4VTBkeaO5lQhfSP/akfpDOXGH2HtAlFHm4WDrrQ9ecDhCDwwbenkPHfGG6z6vfu6kLshIiIiInXO
ge4sjzfg2r2fDGFhaiCL2xesWGoCGfa99DGyUZbYJ0G/z7XsrqRcCkqy8DG0BtalXVSKtAbL3owX
Fw7EL6VUlc4EHBnSYA1EtBD7pAZ2XPXfBo9DjVRERERkxbTMG6kYAW+wz1+fxCXt/r4w5hxYf4wU
wVm7RipJcNzxMfLxdCGwtnzt5+KAOl8LOhE7Y/tfP0Jcr07qNTOCZbn6RWimMemw6CjtUtjR76Gz
taIiIiIiy7E6N1LxNTdScSQzoo/OyzdR6ThXup7MjIdm5ttbt6mP7BxWqNjcEdcaReePSz5lo/j1
1lvdaC25GesvaPFgG0n8a5z5p8dJWyBlHh9baUaHxRDyXRRFREREJK/OjVSScLhWIW1JqTWD4lSH
L8LR1z1DcB5vvt1CQt9JTnTRxmVeyzWWMZd7sGh9K3Z9iGzZTeLm58SbgKxP48otmvRR8lXvDylE
REREerk6LyJsAVdjAGypZTrHOT0EfGEmuJNGKsQYMSXRcHHucy7adm0rVLRZRDg3GkKca+G9rPmo
BeVjiIiIiFRvKTRS6Th51tpu47I4W3aznGYQBV9VnWNHhCOitbRb0cNCcV/w8mcqfLcwNQS84b7Q
AnbtOYCsETopMVjYNk+NVERERGQFVqdVbPlA0OdSF9q8m2tR7XyU+7k0cKy++sPS4UO+G2GuwQlJ
DnQgSW3osFqya18n2Yq7MhYaqRQFqT4FVk1+9dKVT+XIB/Idxf/e1PZbREREBOreSCVV9pCdNVLx
YdlG0K1nb02zqCYH2hFVrm2dT9ko00ilITSR7vao68S1LhSsviy0GqmIiIjIiqvOOdDZLjdSWZay
be5CpS6ElYPlco1Uig5alB8NMCCeR+YLrDayNCh0FhERkRVVHXOg86kK1TRS6XlBdLFKrbxd+4p1
yfbFr1VspNL6YNE/OxdnVmabZcPM2gX5IiIiIlJeHXMn8s1Cqjlkzwgc88rFjeVnyst3ECmtn5x/
v21nwqISea6h5wWsnS6CFBERERHoAY1UeoJycWx+EWFVMWWbYNsIbRqp5HOGE1kWM8hTdsHlspBf
KFm5Ekn7TxZ6UOgvIiIi8oWqcyOV1ioWvV1NjVTKHqC4kUrpIsJ0gLcu2KWkNvSyZrRp5V2i7ScL
HvNZlpfftYiIiEgt6ryIsLlHBYXVyhcBqRxAJso1UjFyMTKhk0YqrTWjs64fgzOzSfXyaVzVgRYR
EZEV0VJopNJ5AO160MxlcepCZ81U2jZSaX3D5SpvVDiARaXVSVyMM3j2vK9Rt1LcXzAXvNI4RERE
ZIX0hTdSMSot0OtZqmmkYmZ479qmQJc2UikjFQLBwVr+UzxZQi9MfdHcs4iIiKyo6txIJV32kJ01
UlmWKuX+VtVIxTkyrsLMc9tUlqIHi6TjoScVYmafu1nrLrUNfRkKuWvoPSMWERERqZc650BnemUj
lWoXCpYbf4Y+ZNOdNFKpyNPoIj7+xW54p8oWIiIiIr1BneuotbaFLi9ppNKTcqABomojV5cvT1e0
g8uw3+Uv5n9o30jF5RvMFO2S+zk4cC7DWPcZD5+9J8W/jp4+t9uTSliLiIiIfJHqvIgwquqQVu+4
vZuqDefLLSJ0wAPTPVkMc1YhnSOmpJFK7ntvyfdZS7FNv8/54MI9c4f2mEt38Wpq15VPBXp6gC8i
IiKytCyFRio9KziuRjaXnl2cC111IxXzuBA459EWfLlA1Bxt62MXz0DnzkwmRIxrmU7T77ahkUBk
mS5eTe3KtS0v1VmLdhEREZEVx1JopNK7FIeOxWXsqllEaGZ4l5Rz++1Db+YWSiYHcaFoR4tKFhW2
zkDnXws4iwkug2+Gub+axEPn7Evhfrp8bemOpQCcJwLoNCiuRftGKkGNVERERGQFVedFhC29spFK
tdouInTOFX72Fph4wXOA4XJflbTOQOdvvy+kh4RoMT6k2KrxE5b8chNe/e236F8hM6StAAx0ga1W
G1Z+NrwbytXIViMVERERWRF1vw50SQ508Z+VJckRPWO2ulDGropYsFyqg7nWXd/PpliSGkBjvACP
r3gninOgk+nlDJY/SoiIPYAHB2vEHzDzN1sQnGdJahCfN/fhvOsf5I0pAe89m69m/OSw3RnqZtBA
E5gna/0ZctojOLOlVtnDq5GKiIiIrKDq30il3Ls9vJGKD0mWRbFqGqlAMndsQEwazBh+9qMsOGdD
4uA7SLsIlORFm8e59ts65wr3yxNojGexRuS54ah1sUI1EEds7+NwGBHOPA1uPo3OaCHCWVyXQNdX
OQsuIiIisryrcyOVVPLVdpMe3EgFyt+EanOgW2XBsmSBtc9+mdilCM4q7O/bfW/EGHHrsYuOn5/5
TgWjcBfN48wRnCMQAVHyq3BZwPP8r/ZoneGuu/wDgCJqERERWfHUNwe6l1ZriLsTBxaC6Hwlkogp
wB0ftgBRJ7O2Rbe/qIJJPqOkffBdtL0Dy3VBLP0lJidcIz2N4Ooz+ywiIiIireqbiNxpJ8IYLO5x
jVTi3F0o19K7WOsscdHMcLu8aCM4OOi6V5nGQHzw0CaMbV/GLkpSRXJf+PzMd+WmM0Zr4O9CmV+j
eXZabXDdOp60fchQYC4iIiIrqjo3UsnXPO5sl56xgBAql7Erv237RiqhXSgZg4ERWP3njzA33Z+s
NwiNhS3al7FLAvN8lQ8XkvrT5nzrvSpKFzEHzpL0EPMB82WCbAf/e+oGVZW/qyYnve2tUfKGiIiI
rKjq3Egl1SsbqZRTbSOVjid4Y8b+/FEW2FBaotb85vZl7EpODK6jInhG7GPwccUtknM4PE30tSqq
olTRSMVXcRwRERGRFcFSaKTSu+YmC2Xs2r5e5SLCzoLPbBwz5uf3M3nuQLI+hSfTpoxdK+dcMtNs
1u4uFlWfJgoRLqQ6vNPBgSfwwu/3Azy+0tYWEYXOFni2baSSItthkC8iIiKy/FoKjVQ6nhnticpl
QJTTUSOVjnf07PLbR9ntshfJuIDP5YqUTRnpYAY6dsk+zpI/OzpzcIYPKcalPuhwaM7nC/F1rO1Y
Fy1urmo/ERERkeVNnXOgi/+srKctIqz2JhQW+RUpbqRSWSADPPl5lqFnv0ZLyuOLOjaG4mNWmIF2
QGRFs9bmCB1E/t6SxZHO0nx1nZEUFcArOaZzMdVcgbX5ad7iNJQ5poiIiMjyrs4Jy20/6k+YxZjF
SS1oF/WoRYQA2XJtqqvMga5u/jZ/0IAZDDrzOU65fQ6NoYXgfEmaSLkgPTgIvvU1cwHzcRIAl6vA
0cZfvr9G2YWGBsTZNBlfWMZY8RhRyVsxf39gMtD7Pm0QERER6a46LiJ0STu/Mo1UcnOd9TnVUpCP
QdvmO1cz4pq6KhokRf4CVz31IamfvcJ/pjbkZoJTxM5jwZVU3MCScZWMzZLcbBd88kZJlG8U1zlx
QD+L6R9aA2hPMnc8EIicx1ySjlH5UcAomYP2nrufnUbHSSQiIiIiy6c6LSLMB8hGuRQO58q3qu4J
SkLPkkwKw9VhEWHZ/WgNPb922eMM+NlkLn8uENNIyjUT43L1o5MB5u9ufiwuV2MjKXXXNrpOtg4W
4c0w83hbzOSLv1bYIuCJibjz/L2w0IxZhM/9r7zSByALjsVOrb1FRERkxVRuurjrXIYk0Goo+7ZZ
8pF/Emr3zIC6I/lW2y5XbaRQNaMbsubBjB/eOpkf3uoYYMZTv9yT1Wx6kkbiWjONs771FxYoM/lc
LLeYc2Y0gs1OuYuZvFL0XsARsfmQ2QRzSXpGJ8FwKMr1TgefPCZpAlpERERWQN0PoNs1UqlmQVrP
CZ6NXBWOKobkyiya66z5SucDSGbskzjcWACsf+a9YIEGjAkjIi48fFu2HOexsIhGlyKyDLjcoC3J
oc6k0mR8ilemZjj7b2/w5PvzyTpfOH4xb44hxBCn8FGmqji4OMZeElnuKSj/qYOIiIjIiqNOM9D5
ICrqlZ/re2sfBuYXETrnOnwkqFOn7OIjEllM7KDFPK/MjNnzd49iuVwOZx5zjqTjYa6mneUD2iS9
w1yUjNlCcnFtY2gf8cEl24EtymU+x2UfDlpZyXPRk1MH4AKYgmcRERFZAXU/gC5MQvpkEWEvVG4e
1czwzpVOvZbZpis50B3LJYoY5CNfy//Tcu9a67aF7/PNIDGwbPvqguRST6LAjuP70WhNGPlZ7M5q
8eXvgwNa+MZZD+Q+RehZ5QhFREREvgh1bqSSAZetzyG/QHGFKhxtdbmRSo8RiILnzh+tgXlHcKlc
cnPngXBkEJmBi2jKHYu6PzyIiIiI9HzdDqCdgXnDXAwYVhKM5Vt7J1/eCjUicg1BkgAsHZbdTGaE
J9CQ5DJ7cM4AT+SssOjRcrm+znmiXFNsIwYX8C6L7+n1kPNpKN4z65ItMBrAcr/8KoLnvNgb78wf
2fpCr3p4EBEREamPbqdwmIN0cESh9VBxYSo3mY3OpzlYruRdcB7vDIhJhYjFqXR3h9ENAXPNQISZ
T3KMIVmARy692BkueJz3BDOceRwRzjmykU+C7x4cS7pcqsn0S75MKiwqnTmuahY5yWNJhYgtTrtr
aQ1TREREpFfofuiX7+XRwVFcm5+M1lbVnqRU27JKhWj0KZpDcf3q/C3JjzCp2lxadKKo2kiymq5+
lkIw7oB5F+9I5BZizhEVBc3mAkaMd8kDUNzmMwmXX7BIRHPUwLBjHqvv4ERERER6mR4+d7oicqSA
LBGtrbK78CtySU5KgwWmXrI5jS5bWOTpfWuUXE0AHXB4c4w54SkWoaWDIiIismLrOQWZpSB2jt8f
vk0ud7lrzzfOjJu/tzkz/rAlaQJxNyqkRMHRku5LE777da9FREREejnNQPcU3hUqYsw7f0uilMPF
Ga59Icsp/3i5kCJjLgIrXrSYX6iZ1HJOu5i/nLA1+6yXxQcjLk5HyaVulMxAE2MudDgDHTvHmO8+
TVMPXyspIiIi8kVQAN1DOMB5aPnV1mRtCQGPs1SuZbYnTsW8sXAwp1z1AK9ObW1hEuHYfdORnPHN
jZkwYA5RNldG0CfxuOWqhiQnKRNAV5HC8eaSUWx26r/1N0VEREQEBdDLXD6xIgBLfr0VsZXW0XbO
5VI5QuvPQOwAF3ILGz3OW5v98gE0XQugLUnXSEWefsc/nXQ11N8UEREREeVAL2uxS2aZF/xqCxoy
C9p1NuysOokLvmwt5+KaIl3ho0BD3MygY5+EoOBZREREJE8B9DLgSCXl/0iRtiwLL9iCVIAlUf+K
AbNRPGtM6+JCZx1WxfA1Br6xg+ACAc/2P3+DkAwU/VURERERSXS7kYrUzlw2N2kcaPrlJgTLpWdY
LjWjWH5GulK9aXO5pjT14czjgUc/T/P8zOYkcLdkrCIiIiKiacVlwlkKj2fBORPIZhwtBLIuTtqD
l2zoisrGVQ5gXajfr7EhZJnmV2XPc55JErS9AmcRERGRYgqgv0D5/oVpsiz51Wb40ADeSAVIWYSj
Ta1mM1zoeHbZfMDKBLn5X2yndZtzKSMpCwTn+ahhDdY84XawbFItT/GziIiISAkF0F+gCEgD8369
OSFuxhpSJL8Cn9RjLjMD3XZRYbXycW+nOdC54y9JO37yj4+ZcOw/IGQKVT9EREREpJRyoL9AMWnm
nLcxZAyzPniXIQmgcznQ5WagKwbQSQVCF3zZGeiquIDDkbGIVY57jnmFvw5BRTdEREREKtAM9Bcq
w9ifPQvxYiztyJa7+7m6z/kAtrgqR+zap2RYtxYQGhk8Q76fD5416ywiIiLSGTVSWRZSfXj49C+x
RZ95pFIxmeBwPktkgThKt9vceQ8uizOPcy5pnkJruGuOdo1ULJdw7a0o6HZJxG4W6OuNrc56hefm
ZZbONYqIiIgspxRALwsuKQ2XIvDZr77MwLiZyGfIksW59gF0UePAdgG05ToStmvAUiaA9i5NiDzP
zR3JDj+9ndajiIiIiEi1FEAvAxEQ43EEnIdUgFd+sSurujmECPK/EmcBcz4XQCe50u0CaF/a4jv/
pkUBwxEZBBzm4Y634eBLJxPjgax++yIiIiJdoBCqh/AOzDzbjoZ7frAljgzeApCCVMBI4S1bMYDG
gRFheCIyBOdJW5Z5qRGsddL9NDlHlghnWf3CRURERLpBAXQP4Ugmj5NUZkfwEYNCluv/a3e2H5eh
f8sCfC5Vo7hbYWEGGkfsG5jvB3HpXW/x27s+JOvAcEm3wlxlDdNvXERERKRbFE71AskvKUnlMHN4
iwtNWQIQvAcLgCup2iEiIiIi9acAuhfIVXzGYVhR3ejiDbxpOaCIiIjIF0EBtIiIiIhIDdRIRURE
RESkBgqgRURERERqoABaRERERKQGCqBFRERERGqgAFpEREREpAYKoEVEREREaqAAWkRERESkBgqg
RURERERqoABaRERERKQGCqBFRERERGpQVQDtnOvawX3lw3flmF0dR/G+zrmScXU0xlrHUfx6V8da
zX6dnb+a8XVVR8eox/FFREREejpvZoQQKm4QQiCO45LXnHOYWcWvfCCVzWYJITBkyJB2x3XOEUIg
hNDp8fJfHY2z+Lg33nhj4dj5feM4JoTA/PnzS44Tx3HF882ePbuw3c4771x4/Z577il77r322gsz
4/XXX+90jJWur7PfhZlxwAEHlH1/7733Llxr2+suPq5zjgULFmBmXHzxxQBst912Vf0Orr766nbn
nTNnTmH8HQXR+WOIiIiI9GYpoBD8RFHULsApFxB1FgTl3x87dixTp05lzpw57Y6TD8q//e1vVxFU
5YO/jmeLnXPEcVx0rkAIMeALM80tLS2dnKv0eHnFY9x1112Joqjsg0W57dsqfa/12pxzBIxsHDN/
/nyGDxtWsq25gFU4dgjZsufKX3f+wabS7zf/enIG8BRv55Pg11E2wC9+QHr++efZdNNNy46l+Dwi
IiIivZWHJMhyzjFu3LiaP4Z3zrX7yps+fXohYGpubi68fvTRRxdev+WWW8oep/T4Ue6r47EVB89R
FOF9iihK5773pFIphg8fXv5G5O5B8dfQoUPLnsPMyGQyXUr/aBVy15dcW/78X9t3PyLvGTpkCNdc
c03pGInwRO2ONH36dJyLAM+aa65JFEWFa/A+eXhoaGjocHb7iSeewDlH5DyR8yR/NTwLFzYVjhM5
z/HHH1+y38iRIwGYMWMGIQQ23njjbtwTERERkZ7PAxxyyCEAfPLJJ3U9uJmRTqcBaGhoIIqS4O+a
a64pBGX1nJHMz7B67wvpDsVjaTtjXKuAsffeexfOtfnmm3freMXyY73jjjs4+uijCSFw9NFHdhqk
O+cYMWIEAOuvvz7vv/9+u+s2M7LZ8jPU3ZV/SBo9enRuPNbNBwsRERGRns2bGTfddFMh6Pr444/r
uhgsjuNC0NnS0lJIJbj99tvrGjwvWbIEWLoL2TyO9dZbj3322YcQAk8//XTXFiHmjkaZyw8hcO21
1+auo/MHjCOOOKJwzW+88UbNY+mu/PjMjFGjRgG+2w8qIiIiIj1ZIfpLpVIAjB8/vuqdixe+FX+1
deeddxZmhiEJqvfbb7/ujr1EQ0MDAEceeWRJ0FkuwC0XZOcXPBZ/ldtu4sSJ3HnnnYXZ87nz5tUc
tBu5XOMKuxUf79hjj23dr8wivGuv/WO7BZbVjqe7i/oOPfRQnHPMmDEDoGTRZSWq1CEiIiK9nS9e
RDZr1qxC8FjtzGpHOdCFk3jPFltsUfj5qKOOqvtisnz6xmuvvVbyerkqG+WUy4EuZ+zYsSWVRgYO
GNCloNBXip7b2GqrrQrflx9XMu5PP/208EqlChptdXSdnY7fe66//noAxowZUzhv3sEHH1x2Py0i
FBERkd6uECWbGSNGjCgEVCeeeGLh9UrKBc+VArLnnnuucLzrr7++7jOR+RnjtiXzqg0E8CD0AAAg
AElEQVTYygXQbfcNlAaiL7/8MkDd84uLA/T8faskXzVjlVVW6fB41bxWi+LUjWL5nPcbb7yxW8cX
ERER6anaTTOvvfbaAFx88cV1C3IzmQwA9957L9OmTSt5rV7yM+b33ntvybiLK1LUgxUdprjixLnn
nsvbb79dl3NAa2B65ZVXFr0aaC17l7js0stKtofWZjHdu+5AufPlzZs3Lymp5yBbNMufr7ZS/tyV
jyciIiLSW7QLoN977z0gCYDyi/66Kz+bu8ceezB27FggCWzrWfJszz33LDlfXj1TBjyuXerF0KFD
cc5x1lln8dZbb9XlPH/5y18qdBXMl5drdeoppxQqjOSrnLRN2SgXRHceWHvKnS+/78CBA/HOMXGd
CUycMIF11lmHddZZhwkTJhTysR977LEKxxQRERHpvVLlXiyXvtBV+eMU51QPHDiQBQsW8MILLxBF
UVUdBjtz9913F77PZrNlm8IsDXPnzgVaOyt211lnncV3vvMdIEmjKT5mKFO2I/9+KpUik8mQSqXa
jSNguCpzrqsxaNCgwvfvvvtuu/vcp08fWlpa2HbbbUv+LgUMK1d6RERERKQXqTgdeOONN5JKpTpc
TFipCkd+n/nz5wPtu9ctXLiw8H0tnQE7km+Uks+Fzo9l9uzZzJ8/v9Ngutx1zJo1q6pzO+fIZrM1
pksk96TtPTzvvPMAmDlzJldccUXpNZaZAYck7zh//kwmU1gQmm+x7SoX/OiS/H158skny75fnBNe
fE88SaOWcvd6nXXWqeMIRURERJaeitHxYYcd1mnQWWkRYT5gHjBgQKFFeLl9IUnlGDx4cHeuAUgC
4DiOSafThZSGfDfBgQMHFrYzs0LJvkpjyn9fS43n0lzl2rRdgJlKpRg1alTVM+hxHNPQ0FBSKnDY
sGGFBZXl00GqU24M+dn9bbfdtuIYm5qaCg1c2p633N8Z1Y4WERGR3sJRtp3H8qG4RF8901J6uqWV
Ay4iIiIiy3kALSIiIiJSbyqJICIiIiJSAwXQIiIiIiI1UAAtIiIiIlIDBdAiIiIiIjVQAC0iIiIi
UgMF0CIiIiIiNVAALSIiIiJSAwXQIiIiIiI1UAAtIiIiIlIDBdAiIiIiIjVQAC0iIiIiUgMF0CIi
IiIiNVAALSIiIiJSAwXQIiIiIiI1UAAtIiIiIlIDBdAiIiIiIjVQAC0iIiIiUgMF0CIiIv+fvTuP
t3rOHzj+vnXTokLSqpQsIWOsk6Wxi2HsY2iGsf5mUGZEGRkyjCW7yDq2bJO1EIrKTnYyVMpSEk1S
Sd3qLr8/6NS5S7dP995uh+fz8ejxuN/v+a7nzMO87vd+zvcLkEBAAwBAAgENAAAJBDQAACQQ0AAA
kEBAAwBAAgENAAAJBDQAACQQ0AAAkEBAAwBAAgENAAAJBDQAACQQ0AAAkEBAAwBAAgENAAAJBDQA
ACQQ0AAAkEBAAwBAAgENAAAJBDQAACQQ0AAAkEBAAwBAAgENAAAJBDQAACQQ0AAAkEBAAwBAAgEN
AAAJBDQAACQQ0AAAkEBAAwBAAgENAAAJBDQAACQQ0AAAkEBAAwBAAgENAAAJBDQAACQQ0AAAkEBA
AwBAAgENAAAJBDQAACQQ0AAAkEBAAwBAAgENAAAJ8hctWlTbxwAAADnDFWgAAEggoAEAIIGABgCA
BAIaAAASCGgAAEggoAEAIIGABgCABAIaAAASCGgAAEggoAEAIIGABgCABAIaAAASCGgAAEggoAEA
IIGABgCABAIaAAASCGgAAEggoAEAIIGABgCABAIaAAASCGgAAEggoAEAIIGABgCABAIaAAASCGgA
AEggoAEAIIGABgCABAIaAAASCGgAAEggoAEAIIGABgCABAIaAAASCGgAAEggoAEAIIGABgCABAIa
AAASCGgAAEggoAEAIIGABgCABAIaAAASCGgAAEggoAEAIIGABgCABAIaAAASCGgAAEggoAEAIIGA
BgCABAIaAAASCGgAAEggoAEAIIGABgCABAIaAAASCGgAAEggoAEAIIGABgCABAIaAAASCGgAAEgg
oAEAIIGABgCABAIaAAASCGgAAEggoAEAIIGABgCABAIaAAASCGgAAEggoAEAIIGABgCABAIaAAAS
CGgAAEggoAEAIIGABgCABAIaAAASCGgAAEggoAEAIIGABgCABAIaAAASCGgAAEiQX5WVX3/97Zj2
5VeZ6W67dI3mzZtV+aAAAGB1VaWAfnTok3HzLYMz06NHPSKgAQD4STOEAwAAElQY0AsXLoqSkpIa
2WlhYVEUFRWt9PqLFi2usWOrTGFhUSxcuGil111V570yn19JSUkUFCys8ntb2ftTWFgUhYXp70NV
3z8AgOqQd8SRJ5ZERFw2oH8sWrgwbv33PTFs2FPx5fSvo0WL5nHQgfvGqaccH+3br59Zqd85F8WU
qdPiww8nxmefTcnM77ZL12jStHF02aJz/P2s07J29PHHn8S99z8cI0aMiQkTJkW9evmxxeadY999
94hjjj4iWrVqkbX8yJFjYvA9D2amzz2nd8yaNTsGXHZdvPDiq7HjjtvF8MfvW+7JPfLo8Hjk0eGZ
6Z6nnBBdu26btcyVV90Q77z7QWb6kovOiXbt2mYtM2XKF3HPvQ/FiBFjYtwHH0VERKtWLaLbLl3j
kIN/E/vss1vUqVP+7yI1dd5Dhz0VDz38eGa5lM9vWXPmzI2HH3kinn56dLzyyhsxf8GCaNSwYey0
0/bx2wO6x2GH7R+NGjVa7jH2P/fMWGONevHv2+6Nxx4fEVOnTsvsu1evk2L9tq1j4cJFMeSBofGf
IY/GW2+9F4sXF8avu+0Yxx57ZBx04L6Rl5dXLe8fAEBNy2vctENJRMT55/WJq665KebO/a7MQq1a
tYjhj98XHTu2j4iI/X/bI1599c0KN3rQgfvGHbcPzEzfNXhI9D3rn7F4cWG5yzdrtk7cM/iGrLi9
776Ho+dpZ2emzzzjlLh24C2ZbWy//dYx4qkhyz256wfdFuf1H5CZvv/em6N7992zljn5lD4x5IFh
melXX34yNt10o8z0qNEvxgkn/q3c92WJgw/aLwZee3E0brxm1vyaPO+bbr4r+p1zUWa5lM9viffH
fRgnnPi3mDz5swrP7Rdbbh53Dx6U9UtF6WPsffrJcfsd98Xs2XPKrN++/fox7NG74u/9/hUjRowp
dx99+/Qs8wtXxMq9fwAANS1z2fT8Cy6vMBK/+mpGDLzu1pXawaNDn4zTe59bYQRFRMya9W0cc+yp
8cW06RUuc8WVN2Rto169Kn3/cYVMmfJFHHf8aVnvy557dIsD9t8nmjVbJzNv6LCn4oILr8xad1Wf
d+rnN2PGzOjR489Z8dyiRfPYsstmWft4f9yH0eu0fssdOnHV1TeWG88RP7yHu+95aIXxHBFx2eXX
x6RJn2bNq673DwCgumUCunHjNWPgNRfFe++MiddfGxF9+/TMWvDRoU9mYub+e2+OTya9Ecf+6cis
ZR4bdnd8MumNuG7gJRHxQ+D06fvPrGX+deHZ8cbYkfHyi8Oj9+knZ+bPnDkrbrjh9koPeOtfdon9
9tszOnXqkHamK+GRR4fHvHnfZ6b/c9/N8eADt8Xgu66PF59/LGtYxL9vuye++mpGRNTOead8fhE/
RP+X07/OTPc+/eR4/93n4/nnhsVbb46KTTbplHnthRdfjffHfVThsTVoUD+uuvKCePft0TH21afj
5L8cm/X67NlzYrPNNo5HHr4zxr3/Qjz5xP2xzdZbZi3zyqtvZH6uifcPAKC6ZC41/vP8vvHHP/4u
80LfPj3jieEj48MPJ0ZExNy538WM/82Mtm1aRdOmTSIion79NbI21rjxmrH22mtlpp8Y/kzMmvVt
ZvrMM06JU04+LjN9Tr+/xfgJH8eTTz4bERGDBz8Q5/Q7PdZcM3vMbUREx47t4847rostu2xWpRNO
8dlnU7Omt99+68zPrVu3jLP69Iy33xmXmbcktmvjvFM+v4iI5s2bZYXon445ItZYo15ERKzftnX8
8Q+HZw1/+fTTz2PrX3Ypd99n9e2V9cvUuf84I+6+58GsXz4GXT8gfrnVD+u3bdMqzjzj1Ojxx78s
s/2lY+mr8/0DAKhumYBu2WK9rBfq1KkTnTfdOBNgEREL5i9I2vgLL7yaNX3YoQdkTefl5cWee3TL
hND8BQtiwsTJZa5ORkT0PPWEVRrPERFtfozNJfqdc1GceuoJ0XnTjSM/v24cddShcdRRh5ZZrzbO
O/XzO/SQ/ePQQ/Yvs52ioqIoKiqOZuusnTX/+3nzK9z3es3XzZpu0KB+bLrpRvHWW+9l5nXYoF3W
Mm3aZr+33303L/Nzdb5/AADVbbkDiUuPt029hdh77/83a/rc8y6Nuvl1s+ZN//LrrOlvvplV7rbq
r7FGufNr0mGHHhDXD7otcyV1yAPDYsgDw6JVqxbxm/32im7dusZuu+4Ua63VNGu91eW8V+TzmzBh
Ujz+xMgYO/atGPfBRzFjxsxyt1USabe2W3I1uyL5dSs+tup8/wAAqluNfhNvWqkvdz076oVK1yko
KKipw0nWqVOHePThO6PfPy6ON954JzP/q69mxO133Be333FftGjRPHqeekKcdOLRmSEtuXDeJSUl
MfC6W+OfF1yxSve7InLh/QMAfr5qNKAbNWoUBQULM9NLxsAuT4MGDWrykJJtu+1WMfzx+2LUqBdi
5DPPxbDHns4anztjxsw4r/+AmDz5s7j6qgsjIjfO+9GhT2bFc6dOHeK0nifFRht1jIaNGsTIkc/F
pQMGLmcLNScX3j8A4OerRgN6k002jNdeeyszfecdAyt8oEdNqOjhHKny8+tG9+67R/fuu8fFF50T
4yd8HE8/PTquuvrGzJ0t7ho8JP562knRoUP7Wj/vFXHrv+/Jmr737huz7rwxfvykVX1IGbnw/gEA
P18VPsp7RZQO1OLi7HGyu/56p6zp/wwZWu525s79LiZOnFyVQylXw4bZVyVnzvymzDLzvi//y3Ff
fTUjTu99bubfkica1q+/Rmz1iy3irL69os+Z2beKmzJ1WkTU/nlXZvHiwhg7dmmgtm+/flY8R0SU
FBev6sPKWN3fPwDg561KAV36z+Yvv/x6FBYWZf78XvruCZcOGBiDbrg95syZGxERhYVFMXbsW/HH
o0+JI448KaZM+aIqh1NGm9bZd3q4/Y77YuqPkfvdd/PillvvjuHDnyl33bXWahpPPT0q7ho8JO4a
PCQGDrw1vv12dtYy877/Pmu6cePGEVH7512ZunXrZD01ccqUL+KD/47PTE+cODluvOnOVXpMy1rd
3z8A4OetSgHdsUP2o6H7nz8gWrTaLH6924EREbHRRh3j3H/0zlrm3PMujY6dtotfbrNHbLjRdrHf
/kfFSy+PjSlTvoiTT+0bxdV45XPrrbeMBg3qZ6bfefeD2Grr3WOTzl1jg47bxN/PvrDCdRs2bJB1
n+T3x30Yu+1xSFz4r6ti4MBb489/OTMGDlz6dL8uW3SOLlt0jojaP+/K1KlTJ353+IFZ8/bd9/fx
h6NPjsMOPy667rRfVlBHRMyZU/GjzKvb6v7+AQA/b1UK6L333jXrkdbl6dXzpOjV84Qy86dM+SLr
QRvt2rWNC84/K+rUqdIhZWnZcr3oc+apZebPnPnDLc8aNKgfXbtuW+H6xx/XI+sBIVOnTourr7kp
zr/g8njwoccy81u3bhmDBg3IunVbbZ73iujd++To2HHpL0DzFyyIp54aFWOeezkioswTD7/8ctU+
Lnt1f/8AgJ+vKlVHq1Yt4oH/3BrbbrtV1vwG9Zde9c3Prxvn9+8bDz5wW3TvvnuZbbRu3TL6nHlq
PDPiwTLbqQ6n9Toprr7qwmjTumXW/B133C6GPnJXHHJw2YeJLHvsV1x+ftxy85XlPqSjWbN1olev
E+PZkQ+VedhJbZ93Zdq2aRWPDbsn6+mFET88TfKsvr1i2NC7s67eP/b4iKxHgde01f39AwB+vvIW
LVqU9oSMcpSUlMTUqdPi29lzYs1GjaJdu7ZlHvO9xOzZc2LGjJlRsHBhNGu2TqzXfN0Kl61OixcX
xuefT435CxbEuus2yzzSOsXXX/8vZn4zK4qKiqJpk8bRtm2bMg8rqUhtnfeKmD17TnwxbXrUyasT
G2yw/mr5SOzV+f0DAH5eqiWgAQDg58LAUQAASCCgAQAggYAGAIAEAhoAABIIaAAASCCgAQAggYAG
AIAEAhoAABIIaAAASCCgAQAggYAGAIAEAhoAABIIaAAASCCgAQAggYAGAIAEAhoAABIIaAAASCCg
AQAggYAGAIAEAhoAABIIaAAASCCgAQAggYAGAIAEAhoAABIIaAAASCCgAQAggYAGAIAEAhoAABII
aAAASCCgAQAggYAGAIAEAhoAABIIaAAASCCgAQAggYAGAIAEAhoAABIIaAAASCCgAQAggYAGAIAE
AhoAABIIaAAASCCgAQAggYAGAIAEAhoAABIIaAAASJA/ffr02j4GAADIGfnTpk2r7WMAAICckTd9
+vSS2j4IAADIFfl169at7WMAAICckV+/fv3aPgYAAMgZ+fn5+bV9DAAAkDPcxg4AABLk5+Xl1fYx
AABAzhDQAACQQEADAEACAQ0AAAkENAAAJBDQAACQwG3sAAAggSvQAACQQEADAEACAQ0AAAmMgQYA
gAQCGgAAEhjCAQAACVyBBgCABAIaAAASCGgAAEggoAEAIIGABgCABAIaAAASCGgAAEggoAEAIIGA
BgCABAIaAAASCGgAAEggoAEAIIGABgCABAIaAAASCGgAAEggoAEAIIGABgCABAIaAAASCGgAAEgg
oAEAIIGABgCABAIaAAASCGgAAEggoAEAIIGABgCABAIaAAASCGgAAEggoAEAIIGABgCABAIaAAAS
CGgAAEggoAEAIIGABgCABAIaAAASCGgAAEggoAEAIIGABgCABAIaAAASCGgAAEggoAEAIIGABgCA
BAIaAAASCGgAAEggoAEAIIGABgCABAIaAAASCGgAAEggoAEAIIGABgCABAIaAAASCGgAAEggoAEA
IIGABgCABAIaAAASCGgAAEggoAEAIIGABgCABAIaAAASCGgAAEggoAEAIIGABgCABAIaAAASCGgA
AEggoAEAIIGABgCABAIaAAASCGgAAEggoAEAIIGABgCABAIaAAASCGgAAEggoAEAIIGABgCABAIa
AAASCGgAAEggoAEAIIGABgCABAIaAAASCGgAAEggoAEAIIGABgCABAIaAAASCGgAAEggoAEAIIGA
BgCABAIaAAASCGgAAEggoAEAIIGABgCABAIaAAASCGgAAEggoAEAIIGABgCABAIaAAASCGgAAEgg
oAEAIIGABgCABAIaAAASCGgAAEggoAEAIIGABgCABAIaAAASCGgAAEggoAEAIIGABgCABAIaAAAS
CGgAAEggoAEAIIGABgCABAIaAAASCGgAAEggoAEAIIGABgCABAIaAAASCGgAAEggoAEAIIGABgCA
BAIaAAASCGgAAEiQX1JSUtvHAAAAOcMVaAAASJCfl5dX28cAAAA5I7+wsLC2jwEAAHJG/qefflrb
xwAAADkjf911163tYwAAgJyRt2jRIrfhAACAFeQuHAAAkEBAAwBAAgENAAAJBDQAACQQ0AAAkEBA
AwBAAgENAAAJBDQAACQQ0AAAkEBAAwBAAgENAAAJBDQAACQQ0AAAkEBAAwBAAgENAAAJBDQAACQQ
0AAAkEBAAwBAAgFNTuj1137RrPkmmX8ffjixtg8JAPiZEtAAAJAgvyorv/762zHty68y09126RrN
mzer8kEBAMDqqkoB/ejQJ+PmWwZnpkePekRAAwDwk2YIBwAAJKgwoBcuXBQlJSU1stPCwqIoKipa
6fUXLVpc5WMrLi6OwsL0YygpKYmCgoUrtf/CwqJYuHDRKluvpixeXFilzy+i8s+wOj5jAICakP/H
Y06JiIjLBvSPRQsXxq3/vieGDXsqvpz+dbRo0TwOOnDfOPWU46N9+/UzK/U756KYMnVamTsh9O9/
WTRp2ji6bNE5/n7WaVmvffzxJ3Hv/Q/HiBFjYsKESVGvXn5ssXnn2HffPeKYo4+IVq1aZC0/cuSY
GHzPg5npc8/pHbNmzY4Bl10XL7z4auy443Yx/PH7lntypbdx4T//HlO/mBY33zI4xox5KYqKimKr
rbrE7484KP7Q4/Bo0KB+uduZM2duPPzIE/H006PjlVfeiPkLFkSjhg1jp522j98e0D0OO2z/aNSo
UbnrTpnyRdxz70MxYsSYGPfBRxER0apVi+i2S9c45ODfxD777BZ16pT9PSZlvaeeGhX33v9wZt1/
9Ds9OnfeODM9fvzH8a+Lr46IiM06bxLn9Ptb1r6uuPKGePe9DyIiok5enbj1lquifv01spZ5+51x
8dBDj8Uzzz4fkyd/FvXq5cdmnTeJvffeLXocdWh07Ni+0ve/ss9w1qxv49+33RuPPDo8Jk6cHM2a
rRMHH7Rf9Op5QrnvLQBAbchr3LRDSUTE+ef1iauuuSnmzv2uzEKtWrWI4Y/fl4mk/X/bI1599c0K
N3rQgfvGHbcPzEzfNXhI9D3rn7F4cWG5yzdrtk7cM/iG6Np128y8++57OHqednZm+swzTolrB96S
2cb2228dI54astyTK72NQw/ZPx55dHi5y+6156/jjtsHxpprZofw++M+jBNO/FtMnvxZhfv5xZab
x92DB0W7dm2z5o8a/WKccOLfyn1Plzj4oP1i4LUXR+PGa670em+//X7stc/hmdduGHRZHPn7gzPT
t9x6d/z97AsjIqJRw4Yx/qNXMvsrKSmJbbffOz77bEpERHTvvnvcf+/NmXWLi4vjyqtujEsuvbbC
Y2nQoH5ce81F8bvDD8yan/IZTv3iyzjs8ONi0qRPy2y/deuW0bLFepnIj4h46YUnYvPNN6nwmAAA
akrm0uf5F1xeYbB99dWMGHjdrSu1g0eHPhmn9z63wniO+OHK4zHHnhpfTJte4TJXXHlD1jbq1Uv/
/mNF8RwR8eyoF+LKq27Mmjdjxszo0ePPWfHcokXz2LLLZln7f3/ch9HrtH5ZwxqmTPkijjv+tKz3
dM89usUB++8TzZqtk5k3dNhTccGFV1Zpvc033zSaNm2See2DH69YZ87t2eczP89fsCDefOu9zPRX
X83IxHNExK+77Zi17i233r3ceI6IKChYGH/+y5nxzDL7KU9Fn2FRUVGcfvo/yo3niIjp07/OimcA
gNqUCejGjdeMgddcFO+9MyZef21E9O3TM2vBR4c+mYmf+++9OT6Z9EYc+6cjs5Z5bNjd8cmkN+K6
gZdExA9h3KfvP7OW+deFZ8cbY0fGyy8Oj96nn5yZP3PmrLjhhtsrPeCtf9kl9ttvz+jUqUPamcYP
V0ovv6x/vPXGs/H2m89G//POzHr9mmtvji+nf52ZHvrjUJYlep9+crz/7vPx/HPD4q03R8Umm3TK
vPbCi6/G++OWhusjjw6PefO+z0z/576b48EHbovBd10fLz7/WNaQmH/fdk989dWMlV6vQYP6sdee
v87Mf+21pX8d+Oabb+PZUS9knefLL7+e+Xn8hElZr2237VaZnz/7bEr0P39AZrpx4zXj+oGXxHvv
jIk3xo6Ms//+16x1z+xzfsyfPz8qU/ozHPPcyzF6zEuZ15s1Wyduv+3aGPf+C/HC84+V+d8ZAEBt
ylxG/ef5feOPf/xd5oW+fXrGE8NHZsY5z537Xcz438xo26ZV5mpn6XGyjRuvGWuvvVZm+onhz8Ss
Wd9mps8845Q45eTjMtPn9PtbjJ/wcTz55LMRETF48ANxTr/TywyjiIjo2LF93HnHdbFll81W+mT7
nHlqnHD8HzLTfz3t/2LChEnxnyFDM/Oef/6VOOrIQyIionnzZlmR/6djjog11qgXERHrt20df/zD
4XFe/6WB+emnn8fWv+wSERGffTY1a9/bb7915ufWrVvGWX16xtvvjMvMWxLNK7vezjvvkLnC/vY7
42L27Dmx9tprxRtvvFPmfXhi+Mjod/ZfIy8vLz78cEJmfqOGDWOLLTbNTD/40ONZV4zP6Xd69Ohx
WGa6z5mnxpSp0+Leex+KiIipU6fFyGeej4MP2q/MPiMq/gyfempU1vR5556R2UbbNq3isgH9Y+LH
k+OVV94od7sAAKtSJqBbtlgv64U6depE5003zvqi4IL5C5I2/sILr2ZNH3boAVnTeXl5sece3TIB
PX/BgpgwcXJss/WWZbbV89QTqhTPEWXPMSLikEP2zwroceM+zAT0oYfsH4cesn+ZdYqKiqKoqDia
rbN21vzv5y29+tqmTaus1/qdc1GceuoJ0XnTjSM/v24cddShcdRRh5bZ9squt802v8ianjhxcuyw
wzbx0stjM/OaNVsnZs36NiZMmBSTJn0aG2+8Ybz77tKhEXvs0S3ry5Clh2T8Zr89y+z390cclAno
iIhXXnmjwoCu6DN88aXXsqb3XOZqekREfn7d6NhxAwENAKwWljuQuPQ449Rbl733/n+zps8979Ko
m183a970L7/Omv7mm1nlbqv+GmuUO7+qNuy4Qdb0l8s8WXGJCRMmxeNPjIyxY9+KcR98FDNmzCx3
WyWx9LZrhx16QFw/6LbMFeIhDwyLIQ8Mi1atWsRv9tsrunXrGrvtulOstVbTrG2s7HqdN904E8gR
ER+N/zi23XarePyJkRHxw9X0M3qfEmf3+1dERLz22lvRqVOHePmVpcM5unXrmvm5sLAo3nzz3cx0
48Zrxvrrtylzzht16pg1PXHi5HLfm4jyP8OFCxdljX1u2rRJtC31SwQAwOqkRh+kMq3UlwKfHfVC
jBgxJuvf++M+zFqmoKCgJg+pjNLDRZYdf1xSUhLXDrwldtz5N3HxJdfEqNEvVhzQ4ZgAACAASURB
VBjPpXXq1CEeffjOrCEYET98ae/2O+6L444/LX61475x/aDbsu7xvLLr1a+/Ruy1Z7fM9Hvv/Tc+
Gv9xTJ06LSIiDjpwv6xx0qNGvxBTp07LjL2OiNh2mavY33+/9H2IiOiwQbvIy8src55N12qSNf2/
mSv2/iyxcOHCrOkNlhnjDQCwOqrSo7wr06hRoygoWBpIv9yqS6XrNGjQoCYPqYzvv8/+0lvDRg0z
Pz869Mn45wVXZKY7deoQp/U8KTbaqGM0bNQgRo58Li4dMDAqsu22W8Xwx++LUaNeiJHPPBfDHns6
a0z4jBkz47z+A2Ly5M/i6qsurPJ6O+20Qzzw4GMREfHSy2OzbvO2x+67xIYbbhC/3KpLvPveBzHy
mediv/32yrzeuPGasdlmS5dfo9TV4mX3v6zv5s7Lmi59Zbwy9erVy5qePWdu0voAAKtajQb0Jpts
GK+99lZm+s47BmbdRWJ18OX07CEbrVu1zPx867/vyXrt3rtvzLrzxvjx2XewKE9+ft3o3n336N59
97j4onNi/ISP4+mnR8dVV9+Y+YLeXYOHxF9POyk6dGhfpfW2XeYOGpMmfRp33vWfzPQOO2wTeXl5
ccABe8e7730QBQULY+B1t2Re32fv3aJhw6W/vDRs2CA6dmwfn3465cf36evMFxOz37/sITgdNmhX
6XuyrIYNG0Tr1i1j+o/bmTp1Wnz33bxo0qRx0nYAAFaVKg3hKP0n/eLi7Ecv7/rrnbKml/2y3rLm
zv1uuWNnq8v35XwJcvTol7Kmu3TpHBE/PK567Nil8d++/fpZ8RwRUVJcXO5+vvpqRpze+9zMvyV3
x6hff43Y6hdbxFl9e0WfM7NvEzjlx+EUK7PeEptuslG0aNE8M73kC6D77bdnrLvuD/eQXvY+zx99
9HHm55133qHMeXTfZ/es6WVvNbfEyJFjsqa7dt2uzDKV6bbLr7Kml73N3hIVjY0HAFjVqhTQpYdb
vPzy61FYWJQZtlH6rhuXDhgYg264Peb8+Gf6wsKiGDv2rfjj0afEEUeeFFOmfFGVw6nUtdfeHK++
+maUlJRESUlJjHnu5bj5lruyltlt1x+iv27dOllPB5wy5Yv44L/jM9MTJ06OG2+6s9z9rLVW03jq
6VFx1+AhcdfgITFw4K3x7bezs5aZV2qMcePGjVd6vSXy8+vG3nvvVuZ4lg3hrbbqEq1btyyzTOm7
eEREmTuQ/Ouiq+OdH+/aUVxcHKNGvxjXXffvzOuNGjaMfbvvUWY7lVl2KElExMWXXBMTfrw/9fff
z4/rB90WTz89Onm7AAA1oUpDODouM+QgIqL/+QOi//kDYqONOsbrr42IjTbqGOf+o3dc+K+rMsuc
e96lce55l0b79uvHrFnfZn1p7+RT+8bjw+6JOnVq5ruNX07/Ovb/bY9o0aJ51K1bNzNsYInjjj0q
M8SkTp068bvDD4w77rw/8/q++/4+dt1tpyhYUBBjnnu5zPbnzPnh6YENGzaI3qefnHl89vvjPozd
9jgkDj/st7FW0ybx3w8nxIMPPZZZr8sWnaPLFp1jjTXqrdR6y9qp63ZZt5WLiNh5p6VXl+vVy4+D
Dtw3brp56S8Oa6+9VnTedOMy57Pddr+M4449KvMefPbZlNhzr0OjTeuWUVhUVOYLleedd2bWFfAV
tc/eu0WXLTpnfkH54L/jY8edfxPNmzeLmTNdeQYAVi9VCui9994169Zp5enV86SYPXtOXHf9bVnz
S19tbteubVxw/lk1Fs8REW1at4wvp39d7p00Nt98kzirb6+seb17nxzPPf9yZhzw/AULsh760alT
h6zHfH/55dK7jhx/XI8YP/7jzDjkqVOnxdXX3FRmv61bt4xBgwZkHtCysustsXWpe2j/YsvNY8MN
s2/Vt9tuO2cF9D5771rmoThLnN+/T8z438wYPvyZpedZ6hePiIiT/3JsHH9cj3K3UZmGDRvENddc
FAcfckzWL1TLxvPee+1a6aPCAQBWhSrVaqtWLeKB/9ya9eW1iIgG9etnfs7Prxvn9+8bDz5wW3Tv
vnvpTUTr1i2jz5mnxjMjHiyznerWt2+vGHDpedG8ebPMvHr18uPoo38XDz1we5mrp23btIrHht2T
9YTGiB/uWHFW314xbOjd0aDB0nN97PERmS/45efXjSsuPz9uufnKch8M06zZOtGr14nx7MiHsh4u
srLrLbHRRhtGm2WGaBxwwD5lxqp3/dW2Wce9005lxz8v0aRJ4/j3LVfHwGsuKnO1OyJixx23i7vv
GhQXXvD3yC91j+8U22y9ZTw5/P6sW+1FRGzZZbN49JE7VzrOAQCqW96iRYtKKl9s+UpKSmLq1Gnx
7ew5sWajRtGuXdsKr2jOnj0nZsyYGQULF0azZuvEes3XrXDZqrrvvoej52lnZ6avH3hJ9OhxWBQU
LIzPP58ahUVF0aZ1y1in1BMFKzruL6ZNjzp5dWKDDdYv93Hjy/P11/+Lmd/MiqKiomjapHG0bdum
zINqqnO9mlBSUhLTv5oRs2Z9G3Xy6kTz5s1WashGZb76akb8b+Y30XjNNWODDdav0b9KAACkqpYS
y8vLi/bt11+hW9StvfZaZW6Ftqo1aFA/Nt10o6R1qnrcLVuuFy1bln2UeE2tVxPy8vKiTeuWWVe4
a0KrVi2iVasWNboPAICV5dIeAAAkENAAAJBAQAMAQILa+TbaKtJ+g/Xjz/93TNY0AABURbXchQMA
AH4uDOEAAIAEAhoAABIIaAAASCCgAQAggYAGAIAEAhoAABIIaAAASCCgAQAggYAGAIAEAhoAABII
aAAASCCgAQAggYAGAIAEAhoAABIIaAAASCCgAQAggYAGAIAEAhoAABIIaAAASCCgAQAggYAGAIAE
AhoAABIIaAAASCCgAQAggYAGAIAEAhoAABIIaAAASCCgAQAggYAGAIAEAhoAABIIaAAASCCgAQAg
gYAGAIAEAhoAABIIaAAASCCgAQAggYAGAIAEAhoAABIIaAAASCCgAQAggYAGAIAEAhoAABIIaAAA
SCCgAQAggYAGAIAEAhoAABIIaAAASCCgAQAggYAGAIAEAhoAABIIaAAASCCgAQAggYAGAIAEAhoA
ABIIaAAASCCgAQAggYAGAIAEAhoAABLkT58+vbaPAQAAckb+tGnTavsYAAAgZ+RNnz69pLYPAgAA
ckV+3bp1a/sYAAAgZ+TXr1+/to8BAAByRn5+fn5tHwMAAOQMt7EDAIAE+Xl5ebV9DAAAkDMENAAA
JBDQAACQQEADAEACAQ0AAAkENAAAJHAbOwAASOAKNAAAJBDQAACQQEADAEACY6ABACCBgAYAgASG
cAAAQAJXoAEAIIGABgCABAIaAAASCGgAAEggoAEAIIGABgCABAIaAAASCGgAAEggoAEAIIGABgCA
BAIaAAASCGgAAEggoAEAIIGABgCABAIaAAASCGgAAEggoAEAIIGABgCABAIaAAASCGgAAEggoAEA
IIGABgCABAIaAAASCGgAAEggoAEAIIGABgCABAIaAAASCGgAAEggoAEAIIGABgCABAIaAAASCGgA
AEggoAEAIIGABgCABAIaAAASCGgAAEggoAEAIIGABgCABAIaAAASCGgAAEggoAEAIIGABgCABAIa
AAASCGgAAEggoAEAIIGABgCABAIaAAASCGgAAEggoAEAIIGABgCABAIaAAASCGgAAEggoAEAIIGA
BgCABAIaAAASCGgAAEggoAEAIIGABgCABAIaAAASCGgAAEggoAEAIIGABgCABAIaAAASCGgAAEgg
oAEAIIGABgCABAIaAAASCGgAAEggoAEAIIGABgCABAIaAAASCGgAAEggoAEAIIGABgCABAIaAAAS
CGgAAEggoAEAIIGABgCABAIaAAASCGgAAEggoAEAIIGABgCABAIaAAASCGgAAEggoAEAIIGABgCA
BAIaAAASCGgAAEggoAEAIIGABgCABAIaAAASCGgAAEggoAEAIIGABgCABAIaAAASCGgAAEggoAEA
IIGABgCABAIaAAASCGgAAEggoAEAIIGABgCABAIaAAASCGgAAEggoAEAIIGABgCABAIaAAASCGgA
AEggoAEAIIGABgCABAIaAAASCGgAAEggoAEAIIGABgCABAIaAAASCGgAAEggoAEAIIGABgCABAIa
AAASCGgAAEggoAEAIIGABgCABAIaAAASCGgAAEggoAEAIIGABgCABAIaAAASCGgAAEggoAEAIIGA
BgCABAIaAAASCGgAAEggoAEAIIGABgCABAIaAAASCGgAAEggoAEAIIGABgCABAIaAAASCGgAAEgg
oAEAIEF+SUlJbR8DAADkDFegAQAgQX5eXl5tHwMAAOSM/MLCwto+BgAAyBn5n376aW0fAwAA5Iz8
ddddt7aPAQAAckbeokWL3IYDAABWkLtwAABAAgENAAAJBDQAACQQ0AAAkEBAAwBAAgENAAAJBDQA
ACQQ0AAAkEBAAwBAAgENAAAJBDQAACQQ0AAAkEBAAwBAAgENAAAJBDQAACQQ0AAAkEBAAwBAAgEN
AAAJBDQAACQQ0AAAkEBAAwBAAgENAAAJBDQAACQQ0AAAkEBAAwBAAgENAAAJBDQAACQQ0AAAkEBA
AwBAAgENAAAJBDQAACQQ0AAAkEBAAwBAAgENAAAJBDQAACQQ0AAAkEBAAwBAAgENAAAJBDQAACQQ
0AAAkEBAAwBAAgENAAAJBDQAACQQ0AAAkEBAAwBAAgENAAAJBDQAACQQ0AAAkEBAAwBAAgENAAAJ
BDQAACQQ0AAAkEBAAwBAAgENAAAJBDQAACQQ0AAAkEBAAwBAAgENAAAJBDQAACQQ0AAAkEBAAwBA
AgENAAAJBDQAACQQ0AAAkEBAAwBAAgENAAAJBDQAACQQ0AAAkEBAAwBAAgENAAAJBDQAACQQ0AAA
kEBAAwBAAgENAAAJBDQAACQQ0AAAkEBAAwBAAgENAAAJBDQAACQQ0AAAkEBAAwBAAgENAAAJBDQA
ACQQ0AAAkEBAAwBAAgENAAAJBDQAACQQ0AAAkEBAAwBAAgENAAAJBDQAACQQ0AAAkEBAAwBAAgEN
AAAJBDQAACQQ0AAAkEBAAwBAgvzaPgCAFVVSUhLFxcVRVFQURUVFZV5b3jSrRl5e3nKn69atG3Xq
1Im6deuWeQ0gVwhoICeUlJREUVFRzJ07N+bNmxcLFy4s83pF0zUZarkSgTX5C8Xy3uvS0/Xr149G
jRpF06ZNIz8/P+rU8YdQIPcIaCBnLFq0KObOnRvFxcXRokWLpHWXDbnKIm9lt1vVbVWn6rwiv7xt
pW73m2++iXnz5kV+fn40btxYQAM5SUADOaGkpCQKCgpi/vz5sd5665UZwlFaStjWZARXtq0V3Vdq
qNZUMFdl2YiIJk2axOzZs2PBggXRsGHDyM/3f0NA7vFfLiAnFBcXx8KFC2PhwoWRn58fhYWFFS5b
WRBXJa6rorxtrS4BXZVITonoevXqxaJFi2L+/Pmx1lprRUlJyWpz1R5gRQloICcs+fJgYWFhFBcX
19qXBKs79qrzSnFV1l1VAb3kC6CLFy+u9K8IAKsrAQ3khOLi4li8eHGFAb26jkX+OVj2vV6RuC4s
LIy8vLwoKipyBRrISQIayBklJSVZ/5bIy8srE2LLuzNEZVdulxd0qVd9lxeX1akmr0ZXtu2KXl8y
v/SXDkt/fgC5RkADOaW88FoSzysaZZVd8VzedlKvltbk7fRW1RCO1HUru0uHgAZynfsHAVBthDHw
c+AKNJAzqjJ8YnVQ2bjt1PVXF6lDZFbX8wBYUQIayDmVjYFOHdJRWlXGLadE8U9xTHR5wzeq8uAV
gNWRgAZyyoqMgS4dz9U5brmqV5FrSlXv+7yqn1QopIFcJqCBnLGi0VWbt0b7qQR2TVqdjgVgZQho
4CdnSbRWR7xW57jl1ekuHKVVx7AVYQz8XAhoIKek3AJtZZdbXa4aV6Yqt55LWbYmhnuIbSCXCWgg
JywZ17wyY2pTxzHX5FXj1UXKo7tTt7Uid+EQ0EAuE9BATlmR+FreUwkjai+KV+fb2FXXtoUx8HMg
oIGctLwYXZWBXJUozoUgLm9blV3tF9HAT52ABnJOTQ8BqMoX6lYXtXUf6PKWK++e3bn6vgJECGgg
h6yq8KrKfaBra7hIbd4HennbLm8/4hnIdQIaoAatLrexW92idXU7HoAUAhrIOStyFXN5sVqV8Fyd
7spRnbemq879VHYFGiDXCWggZ6zsPaAri96UW+BVtm51hXsuqerwEYBcI6CBn6RcvVVdTR1HTa67
Ml+6FNFALhPQQM6oqSvQPwVVDdJVGdy+SAjkOgEN5JQl8VWd45hThl2kXmFeXb5EWJV1q3sMtHgG
cp2ABnJSVb5EWFtqc3hHTT5YBeDnRkADOWV1G8JRnU8iXB2jv6aIcCCXCWggZ5T3ZLvq3O4SVQnZ
1eXR3qsyUJc3zKW84xDPQK4T0EBOqamILm8fEWnjpSvb1uqkOu8hnRLQKzOGHWB1I6CBnx3DLsoS
tAArTkADOSMl8lY0bIuLi2POnO+ioKAgGjVqFE2arBn5+cv/T2NhYVHMmvVtrLfeuj+ZgK6KlbkP
NEAuE9BATqmuLxFO/PiTeOSR4TFq9Evx9df/y8xv2aJ57L33rnH4YQdEp04dyl33jD7nx6hRL8bx
xx8Vvf/256zXVtegfmL4M3Hb7fdFRMStN18Z6667ToXLroonCwptIJcJaCBnVPbltIpeKx21Qx4Y
FpdfcUMUFhaVWffrGTPjnnsfjgcfejz6n3dmHLD/XlmvFxeXxKuvvhkREW+++V6V7xO9qixYUBAT
J34SERGFhYVRXFy8wutWdo7LW76iLxEKaCCXCWggp5SUlFQpSp8d9UJccul1ERGx6647xonH94hN
NukUDRrUj4KChTFhwqS47Y774/nnX41+51wczZqtHTvtuF1m/bp168QVl/eP119/O7rvs3uVz6em
CFSAmlOntg8AYEVV9Q4ORUVFMeiGOyMiYptttozLLj03fvGLzaNBg/oREdGgQf3Yaqst4srLz49d
dt4hIiIuu3xQLFy4KGs73Xb5VZzR++To0qXzyp9MNVv2vamOx3qnbCtl+by8PFeggZwnoIGfjS+/
/Do+/XRKREQcesj+mXAurV69/PjTn46IiIhPPvk8PvhgfOa11LgsLi6OxYsLy6xX3r/lKSwsKjPs
IjVyy/u5sm2Vt9+qWBW3IQSoaYZwADlj2cBLeZT3kmUXLCjIzGvYsH4mDMsbErJhxw1ipx23i7y8
vJg37/us/V12+aD4cvrX8asdtokeRx1S7v5ffGlsPPzI8Hjttbdi/vwFsekmnWK//faIww87IN54
4914fPgz0bFD+/jraSdm1pk/f36cfc4lERFx4gl/iI4d2sWDDz0RTz01Kj4a/3Hk59eNHbtuF0ce
eXB02+VXyz3/0koH9LLTCxYsyOz3hON7RMcO7eKhh4fHU0+NivETJmX2e8QRB0a3XX6VNP68vOnq
DHKA2iCggZ+Nli2bR35+3SgsLIrRo1+K3XfbucLx1Ouuu07cMOjSzPSSEMzLy4uPxn8cb789Ltqt
36bcmLzp5sFx4013Zc2bMHFyTJg4OUaMeC622GLTGD36pfj1r7tmLVNUVByjR78UERG/2mGbuOCC
K2P8hEmZ1wsLi+LFl8bGiy+NjXP6/TV+f8RBFZ5ryhXeoqLiGDPm5cx+L7zwqpgwcXK5+z37773i
iN8duMLbrspxAayuDOEAckpVAqxp0ybxu8N/GxERw58cFZdfcUPMmjW7ug4tIiKee+6VTDzvtttO
ce/dg+LF54fGyBFD4pKL+8Wsb2fHQw8/Uel2Lrl0YCwoKIgrLu8fz4wYEmNGPRyDrr8kOnRoFxER
V111c3z77ZzM8tU1BvrSAddFwcKFcfll58XIp/8To555MAZe+6/YYIP1IyLimmtuzdpvqiW/sCz7
CwlArnEFGsg5VQnEv/z5mPjss6nx6mtvxf3/GRqPP/FMHHzQvrHzzjvE1r/cIho0aLDS2y4qKorr
b7g9IiJ+8YvN49JLzomGP26vadMmsf9v9oqNN94wjj66ZywoKFjepqJ1qxZx802XR5vWLTPzuu3y
q6hbt2785eS+saCgIMaN+zC6deu6nK1UrKIx0a1btYgbbxhQZr/5+flxyql/jwUFBfHf/46PXRKH
kCy7L18iBHKdK9BAzig9Bnp5/4qLi7P+LZnfpEnjuOrKf8bf/vp/0bjxmjFv3vdxz70Px8mnnBX7
7HtUXHzJwHj33Q+y1im93YqO4cMPJ8bHH38aERFH/v6gaFC/fpl1N+rUIbrvu/T2d6WPc4kTTugR
rVquV+b1LTbfJLPM1zNmrtCXEyv70uCyr59wQo9o3apFmde6bLFpufut6H1emS9KAuQKAQ3khNJ/
+q9KqNWvv0Ycc/ThMfSRO+Ksvj0zcTh37nfxwIOPxbHH/y1OP6N/fP75F0nHuCSeIyJ22nH7Cper
W6fy//Q2atSw3PlNmjTOXNWeP3/BCh9bZXfhqKn9VnQsYhrIZYZwAD85S2K7svG1zZqtHb8/4sD4
/REHxueffxGvvvZWDB36VEz8+JN4/vlX4513Pogbrr8ktljm6mtpy4bg1zN+eCT4OuusFWuv3bQa
zmT5Uu6GUZ37qcpdOAB+ClyBBnLGit7Crryr1MuTl5cXHTq0i6OOPDjuu/fGuOTiftGoUcOYO/e7
OOfcS6OgkvHKS8xf8MOV2Xbt2q7yq6y5MlRidT42gBUloIGcUZU4XNG4rFu3Tuzbffc4s/fJERHx
+edfxJtvvf//7d17bFxnetjh98xwOKJMUaAorShZtkXdvVbspl7F6WW3FxS7CbpxgBYBArhwkyBJ
ExRom7QBesmtBfpf06Io2qJAs0kbZI1cNkGCbhdp4uw2aGJsAK92sbJhapeiVtbFMkXRpCSK99M/
nGEoWZbmFTkkj/g8AGFRMzxzODoY/+ab73ynrcfobjQiIuLatev3fNy1jtuNCubVPq61oIGqM4UD
qJTVxNt//E//Pd69ei2OHh2KH/yB779jmysVRRHf8cK3L39/8eKVDz0Rb6Xdu3dFRMTly+/EzMzM
A1f0uPv3WK/pD/d73Hbjtp19u9cnBkaggUeBEWjgkdDOSYUT19+L3/s/X4rP/+9XY2Fh4UNDvCzL
O070q9c//KVy5WMcOTy0/PdfOX1mDX+7zlrLwL37OW/njQdA1QhooDJWO12hdeW/0dEL8YUv/OF9
7/t//+i15T8fPnSwre2fPHki9g1+JCIiPve5z99zJHdsbPyOba+HTgbrw0xP2ezztAEeREADlXS/
cFu5CkfrKyLir33iL8enPvnXIyLi5//NL8S//w//Lc5+41wsLi4tb/Pdd6/FL/+PX4t/9wv/NSIi
/tJ3Ph/f9m1PtxWJ3d2N+JEffikiIv7wi/8v/vN/+eWYnJxanhZx5sxb8RM/+bN3zJFe6+ehnTnX
2ejt1PxtgKoyBxqojEzwFUXxgfvWakX8zE//ROzc2Re//hu/G5995bfjs6/8djSb3fHEE/tjbOx6
TE5OLd//ueeeiZ/72X963ykcd/v0pz8ZXzn99fhfn/+D+MwvvRK/+tnPxRNP7I+JickYH5+Ivr4d
cfzY4Rg+O7K8ryv3O/u7tqtTwbpyqcB25zyLZ6DqBDRQKfcaDW3F8oPWfY54/yIqP/XPfjy++7v+
RvzO7/5efPFLfxKTk1PxzW+eX77PyZMn4ntf/FR893f9zdi2rfmBx7/f911d9fhX//KfxJHDQ/Er
v/qbMT4+sbztT3ziO+Mf/vgPxq/9+u/E8NmRD0T+Wgb0/fYze/Livb7/sH2713adRAg8aoq5uTmv
ZsCmNzc3F2fOnIlvfetb8dxzz8XCwsIdt98dzw+K6dbtc3Pzce3aeNy4eSu66l0xMND/gYug3G9b
97ttZmY2rly5GvMLCzGwqz8GBvojIuKf/4t/G7//B38Un/7bfyv+9c//1H3382FlQjUbtfe7/4Pi
u9FoxPDwcHR1dcXHPvax2LlzZ1tvfAA2EyPQwCPpw+ZF3317o9EV+/cPPvS27hWTMzOzsW1bM5rN
7jh48Ik77js7Oxenv/r+Ch1DQ0+28Zu0t09V4QRC4FHgJEKgMqoQX2+8eTZ+4If+cZw7960P3FaW
ZXz2ld9aPonwhRf+YlsnAbZzYmDGak4iXKvnvwr/lgAfxgg0UEn3i6+Vq3B0+rHvfowvfvGP45vf
PB8v//1/FC+99Hfi1Km/ENu3b4+r77wbn//Cq/GlL/1JRET8vZf+bpw4fqQj+/egfa7CdgE2MwEN
VMrDrsJxv5h+0HSPzP782D94ORqNrvifv/Ib8YufeSV+8TOvfOBnXn75++LHfvTlth/jYazlCYir
+dn7LaMHUFUCGqiM1UwlyETyaoK6ViviR374pfie7/lk/OmXvxJn3hiOsbHxeOyx7XHs2KH4q3/l
hTh8+Kl7Ps5qrGcwr+Ykwk6sKQ2w3gQ0wAM8TFAP7t0TL774qXjxxU89cHvtbHezxDYAAhqokLUc
vWx3esd62qxhu9bxvll/T4B2CWigUtqNr9VMw6DzRDRQZQIaqIzNEl2Z/dgs4b6ZVuEwCg1UnYAG
KmM9lqVb68fp1LbNiQbYOAIaqIyVofeg6FtNqK5nUD9q2l3GDqDKBDRQKQ8bX+1ceKXdn90s0zI2
igAGtjoBDVSOObSrsxaXAm/3tg/73r8fUGUCGqiMzRLOqxnN3igbdWXC9dgewHoT0MAjab2uPNjJ
ba3mcddrW52YUgOw2QlogLtUIaitwgGwcQQ0sCWs5sqDnQzqqqn6/gOsBQENVEJRFJtmDnTVbfRz
uNGPD7BaAhqolLWIr9WOKDuJcPVENFBlAhqojCpE12ZZM3ozP1ebed8ARzfSzQAAFKtJREFU2iGg
ATqoCicRApAjoIFK2YjpBI/6pbw3Yp824/MA0C4BDfAAm2VaxloRrwCrU9voHQBol8tAA7AZGIEG
KmUzxPNq1pTeKJvheWuxHCFQdQIaqJR7BevdQbaZ4uzu/e3USYRb4XcG2CwENFAZZVnG0tJSlGUZ
s7OzG707PIR6vb7RuwCwagIaqIx6vR5FUcT09HQsLCxs9O7wEG7fvh2Li4vRbDaNTAOVJaCBSiiK
IrZt2xZdXV0xNjYWXV13vnxt1ikcW9HKML47kltvfLZv3x61mvPYgWoS0EBl7NixI7Zv3x5nz56N
8fHxiPjz+c8rv1b+fYvRzs5pPc9FUSw/z60/r/yKiBgYGIjBwcHYtWuX6RxAZRVzc3OGaoBNb3Fx
MaampuL69evx3nvvxdTUVES0H9B0XjsB3dfXF729vbFr167YuXNnNBoNb26AyhHQQCUsLS3F4uJi
zM/Px9zcXMzNzS3fdvf60Jt5hYpH0YetunH3fyMiuru7o9FoRKPRiHq9HrVaTUADlWMKB1AJRVEs
f+Rfq9Wiu7v7jtvvF80CrbPu91zf/X2tVrsjnP3bAFVkBBqoHCPK1SaagaozAg1UjgADYCNZQwgA
ABIENAAAJAhoAABIENAAAJAgoAEAIEFAAwBAgoAGAIAEAQ0AAAkCGgAAEgQ0AAAkCGgAAEgQ0AAA
kCCgAQAgQUADAECCgAYAgAQBDQAACQIaAAASBDQAACQIaAAASBDQAACQIKABACBBQAMAQIKABgCA
BAENAAAJAhoAABIENAAAJAhoAABIENAAAJAgoAEAIEFAAwBAgoAGAIAEAQ0AAAkCGgAAEgQ0AAAk
CGgAAEgQ0AAAkCCgAQAgQUADAECCgAYAgAQBDQAACQIaAAASBDQAACQIaAAASBDQAACQIKABACBB
QAMAQIKABgCABAENAAAJAhoAABIENAAAJAhoAABIENAAAJAgoAEAIEFAAwBAgoAGAIAEAQ0AAAkC
GgAAEgQ0AAAkCGgAAEgQ0AAAkCCgAQAgQUADAECCgAYAgAQBDQAACQIaAAASBDQAACQIaAAASBDQ
AACQIKABACBBQAMAQIKABgCABAENAAAJAhoAABIENAAAJAhoAABIENAAAJAgoAEAIEFAAwBAgoAG
AIAEAQ0AAAkCGgAAEgQ0AAAkCGgAAEgQ0AAAkCCgAQAgQUADAECCgAYAgAQBDQAACQIaAAASBDQA
ACQIaAAASBDQAACQIKABACBBQAMAQIKABgCABAENAAAJAhoAABIENAAAJAhoAABIENAAAJAgoAEA
IEFAAwBAgoAGAIAEAQ0AAAkCGgAAEgQ0AAAkCGgAAEgQ0AAAkCCgAQAgQUADAECCgAYAgAQBDQAA
CQIaAAASBDQAACQIaAAASBDQAACQIKABACBBQAMAQIKABgCABAENAAAJAhoAABIENAAAJAhoAABI
ENAAAJAgoAEAIEFAAwBAgoAGAIAEAQ0AAAkCGgAAEgQ0AAAkCGgAAEgQ0AAAkCCgAQAgQUADAECC
gAYAgAQBDQAACQIaAAASBDQAACQIaAAASBDQAACQIKABACBBQAMAQIKABgCABAENAAAJAhoAABIE
NAAAJAhoAABIENAAAJAgoAEAIEFAAwBAgoAGAIAEAQ0AAAkCGgAAEgQ0AAAkCGgAAEgQ0AAAkCCg
AQAgQUADAECCgAYAgAQBDQAACQIaAAASBDQAACQIaAAASBDQAACQIKABACBBQAMAQIKABgCABAEN
AAAJAhoAABIENAAAJAhoAABIENAAAJAgoAEAIEFAAwBAgoAGAIAEAQ0AAAkCGgAAEgQ0AAAkCGgA
AEgQ0AAAkCCgAQAgQUADAECCgAYAgAQBDQAACQIaAAASBDQAACQIaAAASBDQAACQIKABACBBQAMA
QIKABgCABAENAAAJAhoAABIENAAAJAhoAABIENAAAJAgoAEAIEFAAwBAgoAGAIAEAQ0AAAkCGgAA
EgQ0AAAkCGgAAEgQ0AAAkCCgAQAgQUADAECCgAYAgAQBDQAACQIaAAASBDQAACQIaAAASBDQAACQ
IKABACBBQAMAQIKABgCABAENAAAJAhoAABIENAAAJAhoAABIENAAAJAgoAEAIEFAAwBAgoAGAIAE
AQ0AAAkCGgAAEgQ0AAAkCGgAAEgQ0AAAkCCgAQAgQUADAECCgAYAgAQBDQAACQIaAAASBDQAACQI
aAAASBDQAACQIKABACBBQAMAQIKABgCABAENAAAJAhoAABIENAAAJAhoAABIENAAAJAgoAEAIEFA
AwBAgoAGAIAEAQ0AAAkCGgAAEgQ0AAAkCGgAAEgQ0AAAkCCgAQAgQUADAECCgAYAgAQBDQAACQIa
AAASBDQAACQIaAAASBDQAACQIKABACBBQAMAQIKABgCABAENAAAJAhoAABIENAAAJAhoAABIENAA
AJAgoAEAIEFAAwBAgoAGAIAEAQ0AAAkCGgAAEgQ0AAAkCGgAAEgQ0AAAkCCgAQAgQUADAECCgAYA
gAQBDQAACQIaAAASBDQAACQIaAAASBDQAACQIKABACBBQAMAQIKABgCABAENAAAJAhoAABIENAAA
JAhoAABIENAAAJAgoAEAIEFAAwBAgoAGAIAEAQ0AAAkCGgAAEgQ0AAAkCGgAAEgQ0AAAkCCgAQAg
QUADAECCgAYAgAQBDQAACQIaAAASBDQAACQIaAAASBDQAACQIKABACBBQAMAQIKABgCABAENAAAJ
AhoAABIENAAAJAhoAABIENAAAJAgoAEAIEFAAwBAgoAGAIAEAQ0AAAkCGgAAEgQ0AAAkCGgAAEgQ
0AAAkCCgAQAgQUADAECCgAYAgAQBDQAACQIaAAASBDQAACQIaAAASBDQAACQIKABACBBQAMAQIKA
BgCABAENAAAJAhoAABIENAAAJAhoAABIENAAAJAgoAEAIEFAAwBAgoAGAIAEAQ0AAAkCGgAAEgQ0
AAAkCGgAAEgQ0AAAkCCgAQAgQUADAECCgAYAgAQBDQAACQIaAAASBDQAACQIaAAASBDQAACQIKAB
ACBBQAMAQIKABgCABAENAAAJAhoAABIENAAAJAhoAABIENAAAJAgoAEAIEFAAwBAgoAGAIAEAQ0A
AAkCGgAAEgQ0AAAkCGgAAEgQ0AAAkCCgAQAgQUADAECCgAYAgAQBDQAACQIaAAASBDQAACQIaAAA
SBDQAACQIKABACBBQAMAQIKABgCABAENAAAJAhoAABIENAAAJAhoAABIENAAAJAgoAEAIEFAAwBA
goAGAIAEAQ0AAAkCGgAAEgQ0AAAkCGgAAEgQ0AAAkCCgAQAgQUADAECCgAYAgAQBDQAACQIaAAAS
BDQAACQIaAAASBDQAACQIKABACBBQAMAQIKABgCABAENAAAJAhoAABIENAAAJAhoAABIENAAAJAg
oAEAIEFAAwBAgoAGAIAEAQ0AAAkCGgAAEgQ0AAAkCGgAAEgQ0AAAkCCgAQAgQUADAECCgAYAgAQB
DQAACQIaAAASBDQAACQIaAAASBDQAACQIKABACBBQAMAQIKABgCABAENAAAJAhoAABIENAAAJAho
AABIENAAAJAgoAEAIEFAAwBAgoAGAIAEAQ0AAAkCGgAAEgQ0AAAkCGgAAEgQ0AAAkCCgAQAgQUAD
AECCgAYAgAQBDQAACQIaAAASBDQAACQIaAAASBDQAACQIKABACBBQAMAQIKABgCABAENAAAJAhoA
ABIENAAAJAhoAABIENAAAJAgoAEAIEFAAwBAgoAGAIAEAQ0AAAkCGgAAEgQ0AAAkCGgAAEgQ0AAA
kCCgAQAgQUADAECCgAYAgAQBDQAACQIaAAASBDQAACQIaAAASBDQAACQIKABACBBQAMAQIKABgCA
BAENAAAJAhoAABIENAAAJAhoAABIENAAAJAgoAEAIEFAAwBAgoAGAIAEAQ0AAAkCGgAAEgQ0AAAk
CGgAAEgQ0AAAkCCgAQAgQUADAECCgAYAgAQBDQAACQIaAAASBDQAACQIaAAASBDQAACQIKABACBB
QAMAQEJRlmW50TsBAABVYQQaAAASBDQAACQIaAAASBDQAACQIKABACBBQAMAQIKABgCABAENAAAJ
AhoAABIENAAAJAhoAABIENAAAJAgoAEAIEFAAwBAgoAGAIAEAQ0AAAkCGgAAEgQ0AAAkCGgAAEgQ
0AAAkCCgAQAgQUADAECCgAYAgAQBDQAACQIaAAASBDQAACQIaAAASBDQAACQIKABACCha6N3AAB4
NJVlufxVFMXyF1SdgAZYZ2VZRkTE0tLSHd9nrIwRQcJmU5ZlLC0txeXLl+PSpUsxMzMTvb29cfTo
0ejr63PMUnlF+TCv3LBJdPrw9SLPWmuFxdtvvx3vvPNOTE9Px+Li4vIo3f20jseurq5oNpuxZ8+e
ePLJJ6O7u1tIsym0juPx8fEYHh6OW7du3XF7vV6PF154IXp7ex2vVJqAprLKsoy33norbty40ZHt
d3d3x8mTJ6Orywc1rI2yLGN2djZOnz4dU1NTa7LNnp6eeOaZZ6K/vz9qNae1sDFaKTE1NRXDw8Mx
MTEREe8H8759+6Kvry/Onz8f09PTceDAgXj66acdr1SaMqDSLl26FIuLix3b/rFjxwQ0a6Ysy/jq
V78aU1NTUa/X48CBA7Fnz57Yvn171Ov1traxtLQUs7OzMT4+HqOjo3H79u04c+ZMnDp1Knp6eozq
sa5a4TwzMxNnz56Nq1evLs93/shHPhKHDh2Kxx57LCLeP3bfeuutmJqa6vinh9BpyoBKe+655+Lm
zZsd2XZ3d3c0m82ObJutpyzLuHTpUkxOTka9Xo8TJ07E4ODgHeHcTvyWZRnNZjP6+vpiYGAgXn/9
9ZiZmYlz587F008/3XaIw2qVZRnz8/MxOjoab7/99vJgRn9/fxw+fDh27tx5x/HY+nNr7j9UmYCm
soqiiN27d8fu3bs3elegLe+8805EROzbt285nrMjxivv39fXF8eOHYs33ngjJiYmYnFxMWq1mlFo
Oqo1j//ixYsxMjIS8/PzERHR29sbQ0NDsWfPnuVP7lrHohFnHjUCmkoTClTF0tLS8glVrfnKqz1+
W28iIyJmZ2djYWEhGo3GqvcV7qUVzmNjY/GNb3wjpqenIyKi2WzGwYMHY//+/dHV1eWEVrYEAQ2w
ThYWFiIiYtu2bWu2zUajEUVRxOLiYkfPB2Draq2sMTk5GcPDwzE5ORkR768G8/jjj8fBgwej0Wj4
9IMtRUADrJPW3M9OhYa5payl1rSL6enpOHv2bLz77rsR8f7xu3fv3jh06FD09PQIZ7YkAQ2wztY6
NoqiaGsdaWhXWZYxNzcXIyMjcenSpVhaWoqiKGLXrl1x+PDh2LFjx/JJgeKZrUhAAwDLyrKMsbGx
+PrXv7487aivry+GhoZiYGDgAycIwlYkoKm01kktneKjSWArKcsyJiYm4mtf+1osLS1FT09PHDx4
MAYHB50gCCsIaCqrLMsYHh5esyu63c2VCIGtpizLuHDhQiwtLUV/f388++yzThCEe1AGVNrFixdd
iRBgjbQujhLx/rQN8Qz3pgyotNaVCDtx8pQrEQJbTVEU0dfXF9evX4+LFy9Gb29v7Nu3T0TDXQQ0
lbXySoRrHdD+RwFsRUVRxFNPPRXXrl2LmzdvxhtvvBEXLlyIY8eOxa5du8yBhj8joKm01gu5F3SA
1SuKIprNZjz//PMxMjISV65ciRs3bsTrr78eAwMDcfz48ejt7V2+L2xVtY3eAYCtZq0/MbH+M2up
FdEnTpyIU6dOxZ49e6IoihgfH4/XXnstzpw5E7Ozs9YeZ0szAg2wTmq1WiwuLsbS0lKUZbnmI3it
C1vAahVFEbVaLfr6+uLZZ5+NiYmJOHfuXLz33ntx+fLluHr1ajz55JMxNDS0vLwdbCUCGmCddHV1
xeLiYszOzq7ZNufn56Msy6jVagKaNdWK4nq9HgMDA7Fz584YGxuL0dHRuHXrVoyOjsalS5fiyJEj
sX//ficasqWYwgGwDoqiiO3bt0dExPXr15dHoVejLMsYHx+PiIhms2nJRTqiNRrdaDRicHAwTp06
FUePHo1msxlzc3Px5ptvxmuvvRZjY2NrclxDFXi1pdJciZCqKIoiBgcHY2JiIq5cuRL9/f2xd+/e
qNVqy7e3qxUoN27ciOHh4YiI6O/vj3q97nilY4qiiHq9HrVaLZ566qnYt29fjI6OxuXLl+PWrVtx
+vTp6O/vj+PHj8eOHTus2MEjTUBTWa0rEd64caMjIx7NZjOeeeYZo3qsiaIo4vHHH4+LFy/GjRs3
4s0334ybN2/G3r17o6enZzmk2zEzMxPj4+MxMjIS8/Pz0Ww2Y2hoKLUNeFitkN62bVscP348nnji
iTh37lxcvXo1JiYm4stf/nLs3bs3jh49Gj09PRu9u9ARRemzFiqqLMt49dVXO3olwo9//OPLH7vD
apVlGbdv347Tp0/HzZs377it3ZG6u1+yt23bFh/96EdjYGDAiB/rrnU8Li4uxuTkZIyMjMTExERE
vD93+sCBA3Ho0KGo1+tx9uzZuHDhQvT398fzzz9vzj6VJqCprLIsY2xsrGNXImw2m7Fv3z4v8qyp
1rSj8+fPx9WrV2N6ejr9JrBer0ez2Yzdu3fHwYMHo9lsimc2VOs1eGFhIa5duxbnzp1bfpPYaDSi
p6dn+dPCI0eO+MSEyhPQAOus9bLbmr+fmcu/cs70yi/YDFprQy8sLMTly5fj/Pnzd6w6s2fPnjh5
8mQ0Gg3HLZUmoAE2iXZejkUHVdB6U7iwsBATExNx8+bN6Ovri/7+futG80gQ0ABAR7RGpFsXDvKJ
CY8KAQ0AAAlm8AMAQIKABgCABAENAAAJAhoAABIENAAAJAhoAABIENAAAJAgoAEAIEFAAwBAgoAG
AIAEAQ0AAAkCGgAAEgQ0AAAkCGgAAEgQ0AAAkCCgAQAgQUADAECCgAYAgAQBDQAACQIaAAASBDQA
ACQIaAAASBDQAACQIKABACBBQAMAQIKABgCABAENAAAJAhoAABL+P6TAb4fhGv9lAAAAAElFTkSu
QmCC
" width="800px"&gt;</msg>
<doc>Takes a screenshot of the current page and embeds it into the log.</doc>
<status status="PASS" start="2025-02-12T10:36:00.875747" elapsed="1.041992"/>
</kw>
<msg time="2025-02-12T10:36:01.918155" level="INFO">xpath criteria: //android.widget.EditText[@resource-id="com.example.myapplication:id/username"]</msg>
<msg time="2025-02-12T10:36:01.918745" level="FAIL">ValueError: Element locator '//android.widget.EditText[@resource-id="com.example.myapplication:id/username"]' did not match any elements.</msg>
<arg>//android.widget.EditText[@resource-id="com.example.myapplication:id/username"]</arg>
<arg>${username}</arg>
<doc>Types the given `text` into text field identified by `locator`.</doc>
<status status="FAIL" start="2025-02-12T10:36:00.256653" elapsed="1.675115">ValueError: Element locator '//android.widget.EditText[@resource-id="com.example.myapplication:id/username"]' did not match any elements.</status>
</kw>
<status status="FAIL" start="2025-02-12T10:36:00.256176" elapsed="1.676719">ValueError: Element locator '//android.widget.EditText[@resource-id="com.example.myapplication:id/username"]' did not match any elements.</status>
</kw>
<kw name="Input Password">
<status status="NOT RUN" start="2025-02-12T10:36:01.934414" elapsed="0.000157"/>
</kw>
<kw name="Click Sign in Button on Login Page">
<status status="NOT RUN" start="2025-02-12T10:36:01.935522" elapsed="0.000140"/>
</kw>
<kw name="Verify User is Successfully Login">
<status status="NOT RUN" start="2025-02-12T10:36:01.936950" elapsed="0.000141"/>
</kw>
<kw name="Close Flight Application">
<status status="NOT RUN" start="2025-02-12T10:36:01.938736" elapsed="0.000141"/>
</kw>
<status status="FAIL" start="2025-02-12T10:35:38.762164" elapsed="23.178283">ValueError: Element locator '//android.widget.EditText[@resource-id="com.example.myapplication:id/username"]' did not match any elements.</status>
</test>
<status status="FAIL" start="2025-02-12T10:35:38.313977" elapsed="23.631546"/>
</suite>
<statistics>
<total>
<stat pass="0" fail="1" skip="0">All Tests</stat>
</total>
<tag>
</tag>
<suite>
<stat name="Login" id="s1" pass="0" fail="1" skip="0">Login</stat>
</suite>
</statistics>
<errors>
</errors>
</robot>
